<?xml version="1.0" encoding="UTF-8" standalone="no"?>
<!DOCTYPE log SYSTEM "logger.dtd">
<log>
<record>
  <date>2020-09-08T02:17:54</date>
  <millis>1599506274228</millis>
  <sequence>0</sequence>
  <level>START</level>
  <class>com.kms.katalon.core.logging.XmlKeywordLogger</class>
  <method>startSuite</method>
  <thread>1</thread>
  <message>Start Test Suite : Test Suites/evermos-mobile-suite/Login and keluar</message>
  <nestedLevel>0</nestedLevel>
  <escapedJava>false</escapedJava>
  <property name="name">Login and keluar</property>
  <property name="description"></property>
  <property name="id">Test Suites/evermos-mobile-suite/Login and keluar</property>
  <property name="stopImmediately">false</property>
</record>
<record>
  <date>2020-09-08T02:17:54</date>
  <millis>1599506274245</millis>
  <sequence>1</sequence>
  <level>RUN_DATA</level>
  <class>com.kms.katalon.core.logging.XmlKeywordLogger</class>
  <method>logMessage</method>
  <thread>1</thread>
  <message>hostName = mbpretina-2014 - apples-mbp</message>
  <nestedLevel>0</nestedLevel>
  <escapedJava>false</escapedJava>
  <property name="hostName">mbpretina-2014 - apples-mbp</property>
</record>
<record>
  <date>2020-09-08T02:17:54</date>
  <millis>1599506274245</millis>
  <sequence>2</sequence>
  <level>RUN_DATA</level>
  <class>com.kms.katalon.core.logging.XmlKeywordLogger</class>
  <method>logMessage</method>
  <thread>1</thread>
  <message>os = Mac OS X 64bit</message>
  <nestedLevel>0</nestedLevel>
  <escapedJava>false</escapedJava>
  <property name="os">Mac OS X 64bit</property>
</record>
<record>
  <date>2020-09-08T02:17:54</date>
  <millis>1599506274246</millis>
  <sequence>3</sequence>
  <level>RUN_DATA</level>
  <class>com.kms.katalon.core.logging.XmlKeywordLogger</class>
  <method>logMessage</method>
  <thread>1</thread>
  <message>hostAddress = 192.168.43.161</message>
  <nestedLevel>0</nestedLevel>
  <escapedJava>false</escapedJava>
  <property name="hostAddress">192.168.43.161</property>
</record>
<record>
  <date>2020-09-08T02:17:54</date>
  <millis>1599506274250</millis>
  <sequence>4</sequence>
  <level>RUN_DATA</level>
  <class>com.kms.katalon.core.logging.XmlKeywordLogger</class>
  <method>logMessage</method>
  <thread>1</thread>
  <message>katalonVersion = 7.6.6.205</message>
  <nestedLevel>0</nestedLevel>
  <escapedJava>false</escapedJava>
  <property name="katalonVersion">7.6.6.205</property>
</record>
<record>
  <date>2020-09-08T02:17:54</date>
  <millis>1599506274500</millis>
  <sequence>5</sequence>
  <level>START</level>
  <class>com.kms.katalon.core.logging.XmlKeywordLogger</class>
  <method>startTest</method>
  <thread>1</thread>
  <message>Start Test Case : Test Cases/evermoss-mobile-app/login-evermos-uccess-case</message>
  <nestedLevel>1</nestedLevel>
  <escapedJava>false</escapedJava>
  <property name="name">Test Cases/evermoss-mobile-app/login-evermos-uccess-case</property>
  <property name="description"></property>
  <property name="id">Test Cases/evermoss-mobile-app/login-evermos-uccess-case</property>
  <property name="source">\Users\mbpretina-2014\Documents\Evermoss-Test\evermos-automation-test\Test Cases\evermoss-mobile-app\login-evermos-uccess-case.tc</property>
  <property name="tag"></property>
  <property name="isOptional">false</property>
</record>
<record>
  <date>2020-09-08T02:17:54</date>
  <millis>1599506274956</millis>
  <sequence>7</sequence>
  <level>START</level>
  <class>com.kms.katalon.core.logging.XmlKeywordLogger</class>
  <method>startKeyword</method>
  <thread>1</thread>
  <message>Start action : startApplication(EvermosApkLoc, false)</message>
  <nestedLevel>1</nestedLevel>
  <escapedJava>false</escapedJava>
  <property name="startLine">18</property>
  <property name="stepIndex">1</property>
</record>
</log>
