[35m[Appium][39m Welcome to Appium v1.18.1
[35m[Appium][39m Non-default server args:
[35m[Appium][39m   port: 58378
[35m[Appium][39m   loglevel: info
[35m[Appium][39m   tmpDir: /var/folders/kt/bnw3np9n2918b5f_3g_q6rhw0000gp/T//Katalon/Appium/Temp1599505645200
[35m[Appium][39m   chromedriverPort: 58379
[35m[Appium][39m Deprecated server args:
[35m[Appium][39m   [31m--chromedriver-port[39m => --default-capabilities '{"chromedriverPort":58379}'
[35m[Appium][39m Default capabilities, which will be added to each request unless overridden by desired capabilities:
[35m[Appium][39m   chromedriverPort: 58379
[35m[Appium][39m Appium REST http interface listener started on 0.0.0.0:58378
[35m[HTTP][39m [37m-->[39m [37mGET[39m [37m/wd/hub/status[39m
[35m[HTTP][39m [90m{}[39m
[35m[HTTP][39m [37m<-- GET /wd/hub/status [39m[32m200[39m [90m7 ms - 68[39m
[35m[HTTP][39m [90m[39m
[35m[HTTP][39m [37m-->[39m [37mGET[39m [37m/wd/hub/status[39m
[35m[HTTP][39m [90m{}[39m
[35m[HTTP][39m [37m<-- GET /wd/hub/status [39m[32m200[39m [90m1 ms - 68[39m
[35m[HTTP][39m [90m[39m
[35m[HTTP][39m [37m-->[39m [37mPOST[39m [37m/wd/hub/session[39m
[35m[HTTP][39m [90m{"desiredCapabilities":{"app":"/Users/mbpretina-2014/Downloads/evermos.apk","noReset":true,"deviceName":"realme RMX2061 (Android 10)","fullReset":false,"platform":"ANDROID","newCommandTimeout":1800,"platformVersion":"10","automationName":"uiautomator2","autoGrantPermissions":true,"platformName":"Android","udid":"20754a6a","systemPort":58391},"capabilities":{"firstMatch":[{"appium:app":"/Users/mbpretina-2014/Downloads/evermos.apk","appium:autoGrantPermissions":true,"appium:automationName":"uiautomator2","appium:deviceName":"realme RMX2061 (Android 10)","appium:fullReset":false,"appium:newCommandTimeout":1800,"appium:noReset":true,"platform":"ANDROID","platformName":"android","appium:platformVersion":"10","appium:systemPort":58391,"appium:udid":"20754a6a"}]}}[39m
[35m[BaseDriver][39m The following capabilities are not standard capabilities and should have an extension prefix:
[35m[BaseDriver][39m   platform
[35m[BaseDriver][39m   chromedriverPort
[35m[Appium][39m Appium v1.18.1 creating new AndroidUiautomator2Driver (v1.56.1) session
[35m[BaseDriver][39m The following capabilities were provided, but are not recognized by Appium:
[35m[BaseDriver][39m   platform
[35m[BaseDriver][39m Session created with session id: 33c04cc5-89ff-4ddf-842b-d31f68561465
[35m[BaseDriver][39m Using local app '/Users/mbpretina-2014/Downloads/evermos.apk'
[35m[ADB][39m Found 1 'build-tools' folders under '/Users/mbpretina-2014/.katalon/tools/android_sdk' (newest first):
[35m[ADB][39m     /Users/mbpretina-2014/.katalon/tools/android_sdk/build-tools/29.0.3
[35m[ADB][39m Using 'adb' from '/Users/mbpretina-2014/.katalon/tools/android_sdk/platform-tools/adb'
[35m[AndroidDriver][39m Retrieving device list
[35m[AndroidDriver][39m Using device: 20754a6a
[35m[ADB][39m Using 'adb' from '/Users/mbpretina-2014/.katalon/tools/android_sdk/platform-tools/adb'
[35m[ADB][39m Getting device platform version
[35m[UiAutomator2][39m Relaxing hidden api policy
[35m[ADB][39m Package name: 'evermos.evermos.com.evermos'
[35m[ADB][39m Main activity name: 'evermos.evermos.com.evermos.view.SplashActivity'
[35m[ADB][39m Using 'apksigner.jar' from '/Users/mbpretina-2014/.katalon/tools/android_sdk/build-tools/29.0.3/lib/apksigner.jar'
[35m[UiAutomator2][39m Server packages are not going to be (re)installed
[35m[UiAutomator2][39m Starting UIAutomator2 server 4.12.2
[35m[UiAutomator2][39m Using UIAutomator2 server from '/usr/local/lib/node_modules/appium/node_modules/appium-uiautomator2-server/apks/appium-uiautomator2-server-v4.12.2.apk' and test from '/usr/local/lib/node_modules/appium/node_modules/appium-uiautomator2-server/apks/appium-uiautomator2-server-debug-androidTest.apk'
[35m[UiAutomator2][39m Waiting up to 30000ms for UiAutomator2 to be online...
[35m[WD Proxy][39m socket hang up
[35m[WD Proxy][39m socket hang up
[35m[WD Proxy][39m Determined the downstream protocol as 'W3C'
[35m[AndroidDriver][39m Screen already unlocked, doing nothing
[35m[UiAutomator2][39m Starting 'evermos.evermos.com.evermos/evermos.evermos.com.evermos.view.SplashActivity and waiting for 'evermos.evermos.com.evermos/evermos.evermos.com.evermos.view.SplashActivity'
[35m[Appium][39m New AndroidUiautomator2Driver session created successfully, session 33c04cc5-89ff-4ddf-842b-d31f68561465 added to master session list
[35m[HTTP][39m [37m<-- POST /wd/hub/session [39m[32m200[39m [90m9589 ms - 1231[39m
[35m[HTTP][39m [90m[39m
[35m[HTTP][39m [37m-->[39m [37mGET[39m [37m/wd/hub/session/33c04cc5-89ff-4ddf-842b-d31f68561465[39m
[35m[HTTP][39m [90m{}[39m
[35m[HTTP][39m [37m<-- GET /wd/hub/session/33c04cc5-89ff-4ddf-842b-d31f68561465 [39m[32m200[39m [90m17 ms - 1185[39m
[35m[HTTP][39m [90m[39m
[35m[HTTP][39m [37m-->[39m [37mGET[39m [37m/wd/hub/session/33c04cc5-89ff-4ddf-842b-d31f68561465[39m
[35m[HTTP][39m [90m{}[39m
[35m[HTTP][39m [37m<-- GET /wd/hub/session/33c04cc5-89ff-4ddf-842b-d31f68561465 [39m[32m200[39m [90m24 ms - 1185[39m
[35m[HTTP][39m [90m[39m
[35m[HTTP][39m [37m-->[39m [37mGET[39m [37m/wd/hub/status[39m
[35m[HTTP][39m [90m{}[39m
[35m[HTTP][39m [37m<-- GET /wd/hub/status [39m[32m200[39m [90m1 ms - 68[39m
[35m[HTTP][39m [90m[39m
[35m[HTTP][39m [37m-->[39m [37mPOST[39m [37m/wd/hub/session/33c04cc5-89ff-4ddf-842b-d31f68561465/timeouts[39m
[35m[HTTP][39m [90m{"implicit":60000}[39m
[35m[HTTP][39m [37m<-- POST /wd/hub/session/33c04cc5-89ff-4ddf-842b-d31f68561465/timeouts [39m[32m200[39m [90m3 ms - 14[39m
[35m[HTTP][39m [90m[39m
[35m[HTTP][39m [37m-->[39m [37mGET[39m [37m/wd/hub/session/33c04cc5-89ff-4ddf-842b-d31f68561465/source[39m
[35m[HTTP][39m [90m{}[39m
[35m[W3C (33c04cc5)][39m Driver proxy active, passing request on via HTTP proxy
[35m[WD Proxy][39m Replacing sessionId 2b111b5f-2719-4703-8463-f36aceea3711 with 33c04cc5-89ff-4ddf-842b-d31f68561465
[35m[HTTP][39m [37m<-- GET /wd/hub/session/33c04cc5-89ff-4ddf-842b-d31f68561465/source [39m[32m200[39m [90m3695 ms - 46509[39m
[35m[HTTP][39m [90m[39m
[35m[HTTP][39m [37m-->[39m [37mGET[39m [37m/wd/hub/session/33c04cc5-89ff-4ddf-842b-d31f68561465/screenshot[39m
[35m[HTTP][39m [90m{}[39m
[35m[HTTP][39m [37m<-- GET /wd/hub/session/33c04cc5-89ff-4ddf-842b-d31f68561465/screenshot [39m[32m200[39m [90m1257 ms - 2459332[39m
[35m[HTTP][39m [90m[39m
[35m[HTTP][39m [37m-->[39m [37mGET[39m [37m/wd/hub/session/33c04cc5-89ff-4ddf-842b-d31f68561465/source[39m
[35m[HTTP][39m [90m{}[39m
[35m[W3C (33c04cc5)][39m Driver proxy active, passing request on via HTTP proxy
[35m[WD Proxy][39m Replacing sessionId 2b111b5f-2719-4703-8463-f36aceea3711 with 33c04cc5-89ff-4ddf-842b-d31f68561465
[35m[HTTP][39m [37m<-- GET /wd/hub/session/33c04cc5-89ff-4ddf-842b-d31f68561465/source [39m[32m200[39m [90m749 ms - 37481[39m
[35m[HTTP][39m [90m[39m
[35m[HTTP][39m [37m-->[39m [37mGET[39m [37m/wd/hub/session/33c04cc5-89ff-4ddf-842b-d31f68561465/screenshot[39m
[35m[HTTP][39m [90m{}[39m
[35m[HTTP][39m [37m<-- GET /wd/hub/session/33c04cc5-89ff-4ddf-842b-d31f68561465/screenshot [39m[32m200[39m [90m611 ms - 524608[39m
[35m[HTTP][39m [90m[39m
[35m[HTTP][39m [37m-->[39m [37mPOST[39m [37m/wd/hub/session/33c04cc5-89ff-4ddf-842b-d31f68561465/elements[39m
[35m[HTTP][39m [90m{"using":"id","value":"evermos.evermos.com.evermos:id/download_btn"}[39m
[35m[HTTP][39m [37m<-- POST /wd/hub/session/33c04cc5-89ff-4ddf-842b-d31f68561465/elements [39m[32m200[39m [90m183 ms - 139[39m
[35m[HTTP][39m [90m[39m
[35m[HTTP][39m [37m-->[39m [37mPOST[39m [37m/wd/hub/session/33c04cc5-89ff-4ddf-842b-d31f68561465/elements[39m
[35m[HTTP][39m [90m{"using":"id","value":"evermos.evermos.com.evermos:id/share_btn"}[39m
[35m[HTTP][39m [37m<-- POST /wd/hub/session/33c04cc5-89ff-4ddf-842b-d31f68561465/elements [39m[32m200[39m [90m136 ms - 139[39m
[35m[HTTP][39m [90m[39m
[35m[HTTP][39m [37m-->[39m [37mPOST[39m [37m/wd/hub/session/33c04cc5-89ff-4ddf-842b-d31f68561465/elements[39m
[35m[HTTP][39m [90m{"using":"id","value":"evermos.evermos.com.evermos:id/indicator"}[39m
[35m[HTTP][39m [37m<-- POST /wd/hub/session/33c04cc5-89ff-4ddf-842b-d31f68561465/elements [39m[32m200[39m [90m133 ms - 139[39m
[35m[HTTP][39m [90m[39m
[35m[HTTP][39m [37m-->[39m [37mPOST[39m [37m/wd/hub/session/33c04cc5-89ff-4ddf-842b-d31f68561465/elements[39m
[35m[HTTP][39m [90m{"using":"id","value":"evermos.evermos.com.evermos:id/image_slider"}[39m
[35m[WD Proxy][39m socket hang up
[35m[HTTP][39m [37m<-- POST /wd/hub/session/33c04cc5-89ff-4ddf-842b-d31f68561465/elements [39m[31m500[39m [90m53 ms - 633[39m
[35m[HTTP][39m [90m[39m
[35m[HTTP][39m [37m-->[39m [37mPOST[39m [37m/wd/hub/session/33c04cc5-89ff-4ddf-842b-d31f68561465/elements[39m
[35m[HTTP][39m [90m{"using":"id","value":"evermos.evermos.com.evermos:id/image_slider"}[39m
[35m[WD Proxy][39m socket hang up
[35m[HTTP][39m [37m<-- POST /wd/hub/session/33c04cc5-89ff-4ddf-842b-d31f68561465/elements [39m[31m500[39m [90m18 ms - 633[39m
[35m[HTTP][39m [90m[39m
[35m[HTTP][39m [37m-->[39m [37mPOST[39m [37m/wd/hub/session/33c04cc5-89ff-4ddf-842b-d31f68561465/elements[39m
[35m[HTTP][39m [90m{"using":"id","value":"evermos.evermos.com.evermos:id/image_slider"}[39m
[35m[WD Proxy][39m socket hang up
[35m[HTTP][39m [37m<-- POST /wd/hub/session/33c04cc5-89ff-4ddf-842b-d31f68561465/elements [39m[31m500[39m [90m21 ms - 633[39m
[35m[HTTP][39m [90m[39m
[35m[HTTP][39m [37m-->[39m [37mPOST[39m [37m/wd/hub/session/33c04cc5-89ff-4ddf-842b-d31f68561465/elements[39m
[35m[HTTP][39m [90m{"using":"id","value":"evermos.evermos.com.evermos:id/image_slider"}[39m
[35m[WD Proxy][39m socket hang up
[35m[HTTP][39m [37m<-- POST /wd/hub/session/33c04cc5-89ff-4ddf-842b-d31f68561465/elements [39m[31m500[39m [90m18 ms - 633[39m
[35m[HTTP][39m [90m[39m
[35m[HTTP][39m [37m-->[39m [37mPOST[39m [37m/wd/hub/session/33c04cc5-89ff-4ddf-842b-d31f68561465/elements[39m
[35m[HTTP][39m [90m{"using":"id","value":"evermos.evermos.com.evermos:id/image_product_slider"}[39m
[35m[WD Proxy][39m socket hang up
[35m[HTTP][39m [37m<-- POST /wd/hub/session/33c04cc5-89ff-4ddf-842b-d31f68561465/elements [39m[31m500[39m [90m19 ms - 633[39m
[35m[HTTP][39m [90m[39m
[35m[HTTP][39m [37m-->[39m [37mDELETE[39m [37m/wd/hub/session/33c04cc5-89ff-4ddf-842b-d31f68561465[39m
[35m[HTTP][39m [90m{}[39m
[35m[Appium][39m Removing session 33c04cc5-89ff-4ddf-842b-d31f68561465 from our master session list
[35m[WD Proxy][39m socket hang up
[35m[UiAutomator2][39m Did not get confirmation UiAutomator2 deleteSession worked; Error was: UnknownError: An unknown server-side error occurred while processing the command. Original error: Could not proxy command to the remote server. Original error: socket hang up
[35m[UiAutomator2][39m Restoring hidden api policy to the device default configuration
[35m[HTTP][39m [37m<-- DELETE /wd/hub/session/33c04cc5-89ff-4ddf-842b-d31f68561465 [39m[32m200[39m [90m374 ms - 14[39m
[35m[HTTP][39m [90m[39m
