[35m[Appium][39m Welcome to Appium v1.18.1
[35m[Appium][39m Non-default server args:
[35m[Appium][39m   port: 59033
[35m[Appium][39m   loglevel: info
[35m[Appium][39m   tmpDir: /var/folders/kt/bnw3np9n2918b5f_3g_q6rhw0000gp/T//Katalon/Appium/Temp1599506460931
[35m[Appium][39m   chromedriverPort: 59034
[35m[Appium][39m Deprecated server args:
[35m[Appium][39m   [31m--chromedriver-port[39m => --default-capabilities '{"chromedriverPort":59034}'
[35m[Appium][39m Default capabilities, which will be added to each request unless overridden by desired capabilities:
[35m[Appium][39m   chromedriverPort: 59034
[35m[Appium][39m Appium REST http interface listener started on 0.0.0.0:59033
[35m[HTTP][39m [37m-->[39m [37mGET[39m [37m/wd/hub/status[39m
[35m[HTTP][39m [90m{}[39m
[35m[HTTP][39m [37m<-- GET /wd/hub/status [39m[32m200[39m [90m5 ms - 68[39m
[35m[HTTP][39m [90m[39m
[35m[HTTP][39m [37m-->[39m [37mPOST[39m [37m/wd/hub/session[39m
[35m[HTTP][39m [90m{"desiredCapabilities":{"app":"/Users/mbpretina-2014/Downloads/evermos.apk","noReset":true,"deviceName":"realme RMX2061 (Android 10)","fullReset":false,"platform":"ANDROID","newCommandTimeout":1800,"platformVersion":"10","automationName":"uiautomator2","autoGrantPermissions":true,"platformName":"Android","udid":"20754a6a","systemPort":59032},"capabilities":{"firstMatch":[{"appium:app":"/Users/mbpretina-2014/Downloads/evermos.apk","appium:autoGrantPermissions":true,"appium:automationName":"uiautomator2","appium:deviceName":"realme RMX2061 (Android 10)","appium:fullReset":false,"appium:newCommandTimeout":1800,"appium:noReset":true,"platform":"ANDROID","platformName":"android","appium:platformVersion":"10","appium:systemPort":59032,"appium:udid":"20754a6a"}]}}[39m
[35m[BaseDriver][39m The following capabilities are not standard capabilities and should have an extension prefix:
[35m[BaseDriver][39m   platform
[35m[BaseDriver][39m   chromedriverPort
[35m[Appium][39m Appium v1.18.1 creating new AndroidUiautomator2Driver (v1.56.1) session
[35m[BaseDriver][39m The following capabilities were provided, but are not recognized by Appium:
[35m[BaseDriver][39m   platform
[35m[BaseDriver][39m Session created with session id: 02aed906-b872-4c3d-bf6f-3af3a5cfa07b
[35m[BaseDriver][39m Using local app '/Users/mbpretina-2014/Downloads/evermos.apk'
[35m[ADB][39m Found 1 'build-tools' folders under '/Users/mbpretina-2014/.katalon/tools/android_sdk' (newest first):
[35m[ADB][39m     /Users/mbpretina-2014/.katalon/tools/android_sdk/build-tools/29.0.3
[35m[ADB][39m Using 'adb' from '/Users/mbpretina-2014/.katalon/tools/android_sdk/platform-tools/adb'
[35m[AndroidDriver][39m Retrieving device list
[35m[AndroidDriver][39m Using device: 20754a6a
[35m[ADB][39m Using 'adb' from '/Users/mbpretina-2014/.katalon/tools/android_sdk/platform-tools/adb'
[35m[ADB][39m Getting device platform version
[35m[UiAutomator2][39m Relaxing hidden api policy
[35m[ADB][39m Package name: 'evermos.evermos.com.evermos'
[35m[ADB][39m Main activity name: 'evermos.evermos.com.evermos.view.SplashActivity'
[35m[ADB][39m Using 'apksigner.jar' from '/Users/mbpretina-2014/.katalon/tools/android_sdk/build-tools/29.0.3/lib/apksigner.jar'
[35m[UiAutomator2][39m Server packages are not going to be (re)installed
[35m[UiAutomator2][39m Starting UIAutomator2 server 4.12.2
[35m[UiAutomator2][39m Using UIAutomator2 server from '/usr/local/lib/node_modules/appium/node_modules/appium-uiautomator2-server/apks/appium-uiautomator2-server-v4.12.2.apk' and test from '/usr/local/lib/node_modules/appium/node_modules/appium-uiautomator2-server/apks/appium-uiautomator2-server-debug-androidTest.apk'
[35m[UiAutomator2][39m Waiting up to 30000ms for UiAutomator2 to be online...
[35m[WD Proxy][39m socket hang up
[35m[WD Proxy][39m socket hang up
[35m[WD Proxy][39m Determined the downstream protocol as 'W3C'
[35m[AndroidDriver][39m Screen already unlocked, doing nothing
[35m[UiAutomator2][39m Starting 'evermos.evermos.com.evermos/evermos.evermos.com.evermos.view.SplashActivity and waiting for 'evermos.evermos.com.evermos/evermos.evermos.com.evermos.view.SplashActivity'
[35m[Appium][39m New AndroidUiautomator2Driver session created successfully, session 02aed906-b872-4c3d-bf6f-3af3a5cfa07b added to master session list
[35m[HTTP][39m [37m<-- POST /wd/hub/session [39m[32m200[39m [90m10445 ms - 1231[39m
[35m[HTTP][39m [90m[39m
[35m[HTTP][39m [37m-->[39m [37mGET[39m [37m/wd/hub/session/02aed906-b872-4c3d-bf6f-3af3a5cfa07b[39m
[35m[HTTP][39m [90m{}[39m
[35m[HTTP][39m [37m<-- GET /wd/hub/session/02aed906-b872-4c3d-bf6f-3af3a5cfa07b [39m[32m200[39m [90m32 ms - 1185[39m
[35m[HTTP][39m [90m[39m
[35m[HTTP][39m [37m-->[39m [37mGET[39m [37m/wd/hub/session/02aed906-b872-4c3d-bf6f-3af3a5cfa07b[39m
[35m[HTTP][39m [90m{}[39m
[35m[HTTP][39m [37m<-- GET /wd/hub/session/02aed906-b872-4c3d-bf6f-3af3a5cfa07b [39m[32m200[39m [90m12 ms - 1185[39m
[35m[HTTP][39m [90m[39m
[35m[HTTP][39m [37m-->[39m [37mGET[39m [37m/wd/hub/status[39m
[35m[HTTP][39m [90m{}[39m
[35m[HTTP][39m [37m<-- GET /wd/hub/status [39m[32m200[39m [90m1 ms - 68[39m
[35m[HTTP][39m [90m[39m
[35m[HTTP][39m [37m-->[39m [37mPOST[39m [37m/wd/hub/session/02aed906-b872-4c3d-bf6f-3af3a5cfa07b/timeouts[39m
[35m[HTTP][39m [90m{"implicit":30000}[39m
[35m[HTTP][39m [37m<-- POST /wd/hub/session/02aed906-b872-4c3d-bf6f-3af3a5cfa07b/timeouts [39m[32m200[39m [90m3 ms - 14[39m
[35m[HTTP][39m [90m[39m
[35m[HTTP][39m [37m-->[39m [37mPOST[39m [37m/wd/hub/session/02aed906-b872-4c3d-bf6f-3af3a5cfa07b/timeouts[39m
[35m[HTTP][39m [90m{"implicit":50}[39m
[35m[HTTP][39m [37m<-- POST /wd/hub/session/02aed906-b872-4c3d-bf6f-3af3a5cfa07b/timeouts [39m[32m200[39m [90m5 ms - 14[39m
[35m[HTTP][39m [90m[39m
[35m[HTTP][39m [37m-->[39m [37mGET[39m [37m/wd/hub/session/02aed906-b872-4c3d-bf6f-3af3a5cfa07b/window/rect[39m
[35m[HTTP][39m [90m{}[39m
[35m[HTTP][39m [37m<-- GET /wd/hub/session/02aed906-b872-4c3d-bf6f-3af3a5cfa07b/window/rect [39m[32m200[39m [90m19 ms - 50[39m
[35m[HTTP][39m [90m[39m
[35m[HTTP][39m [37m-->[39m [37mPOST[39m [37m/wd/hub/session/02aed906-b872-4c3d-bf6f-3af3a5cfa07b/elements[39m
[35m[HTTP][39m [90m{"using":"id","value":"evermos.evermos.com.evermos:id/txtLoginReseller"}[39m
[35m[HTTP][39m [37m<-- POST /wd/hub/session/02aed906-b872-4c3d-bf6f-3af3a5cfa07b/elements [39m[32m200[39m [90m82 ms - 139[39m
[35m[HTTP][39m [90m[39m
[35m[HTTP][39m [37m-->[39m [37mGET[39m [37m/wd/hub/session/02aed906-b872-4c3d-bf6f-3af3a5cfa07b/element/76a0748a-8d78-4673-b7bf-e84aac08feae/location[39m
[35m[HTTP][39m [90m{}[39m
[35m[W3C (02aed906)][39m Driver proxy active, passing request on via HTTP proxy
[35m[WD Proxy][39m Replacing sessionId ecf85d56-2f8c-40c8-902e-609655a966dc with 02aed906-b872-4c3d-bf6f-3af3a5cfa07b
[35m[HTTP][39m [37m<-- GET /wd/hub/session/02aed906-b872-4c3d-bf6f-3af3a5cfa07b/element/76a0748a-8d78-4673-b7bf-e84aac08feae/location [39m[32m200[39m [90m60 ms - 79[39m
[35m[HTTP][39m [90m[39m
[35m[HTTP][39m [37m-->[39m [37mPOST[39m [37m/wd/hub/session/02aed906-b872-4c3d-bf6f-3af3a5cfa07b/timeouts[39m
[35m[HTTP][39m [90m{"implicit":30000}[39m
[35m[HTTP][39m [37m<-- POST /wd/hub/session/02aed906-b872-4c3d-bf6f-3af3a5cfa07b/timeouts [39m[32m200[39m [90m1 ms - 14[39m
[35m[HTTP][39m [90m[39m
[35m[HTTP][39m [37m-->[39m [37mPOST[39m [37m/wd/hub/session/02aed906-b872-4c3d-bf6f-3af3a5cfa07b/touch/perform[39m
[35m[HTTP][39m [90m{"actions":[{"action":"tap","options":{"x":1,"y":1,"element":"76a0748a-8d78-4673-b7bf-e84aac08feae"}},{"action":"release","options":{}}]}[39m
[35m[UiAutomator2][39m calling get location: 76a0748a-8d78-4673-b7bf-e84aac08feae
[35m[HTTP][39m [37m<-- POST /wd/hub/session/02aed906-b872-4c3d-bf6f-3af3a5cfa07b/touch/perform [39m[32m200[39m [90m249 ms - 14[39m
[35m[HTTP][39m [90m[39m
[35m[HTTP][39m [37m-->[39m [37mPOST[39m [37m/wd/hub/session/02aed906-b872-4c3d-bf6f-3af3a5cfa07b/timeouts[39m
[35m[HTTP][39m [90m{"implicit":50}[39m
[35m[HTTP][39m [37m<-- POST /wd/hub/session/02aed906-b872-4c3d-bf6f-3af3a5cfa07b/timeouts [39m[32m200[39m [90m1 ms - 14[39m
[35m[HTTP][39m [90m[39m
[35m[HTTP][39m [37m-->[39m [37mGET[39m [37m/wd/hub/session/02aed906-b872-4c3d-bf6f-3af3a5cfa07b/window/rect[39m
[35m[HTTP][39m [90m{}[39m
[35m[HTTP][39m [37m<-- GET /wd/hub/session/02aed906-b872-4c3d-bf6f-3af3a5cfa07b/window/rect [39m[32m200[39m [90m29 ms - 50[39m
[35m[HTTP][39m [90m[39m
[35m[HTTP][39m [37m-->[39m [37mPOST[39m [37m/wd/hub/session/02aed906-b872-4c3d-bf6f-3af3a5cfa07b/elements[39m
[35m[HTTP][39m [90m{"using":"id","value":"evermos.evermos.com.evermos:id/input_phone"}[39m
[35m[HTTP][39m [37m<-- POST /wd/hub/session/02aed906-b872-4c3d-bf6f-3af3a5cfa07b/elements [39m[32m200[39m [90m162 ms - 139[39m
[35m[HTTP][39m [90m[39m
[35m[HTTP][39m [37m-->[39m [37mGET[39m [37m/wd/hub/session/02aed906-b872-4c3d-bf6f-3af3a5cfa07b/element/d4bce54f-ac0b-4a2e-af8d-23565aeef3ae/location[39m
[35m[HTTP][39m [90m{}[39m
[35m[W3C (02aed906)][39m Driver proxy active, passing request on via HTTP proxy
[35m[WD Proxy][39m Replacing sessionId ecf85d56-2f8c-40c8-902e-609655a966dc with 02aed906-b872-4c3d-bf6f-3af3a5cfa07b
[35m[HTTP][39m [37m<-- GET /wd/hub/session/02aed906-b872-4c3d-bf6f-3af3a5cfa07b/element/d4bce54f-ac0b-4a2e-af8d-23565aeef3ae/location [39m[32m200[39m [90m518 ms - 77[39m
[35m[HTTP][39m [90m[39m
[35m[HTTP][39m [37m-->[39m [37mPOST[39m [37m/wd/hub/session/02aed906-b872-4c3d-bf6f-3af3a5cfa07b/timeouts[39m
[35m[HTTP][39m [90m{"implicit":30000}[39m
[35m[HTTP][39m [37m<-- POST /wd/hub/session/02aed906-b872-4c3d-bf6f-3af3a5cfa07b/timeouts [39m[32m200[39m [90m1 ms - 14[39m
[35m[HTTP][39m [90m[39m
[35m[HTTP][39m [37m-->[39m [37mPOST[39m [37m/wd/hub/session/02aed906-b872-4c3d-bf6f-3af3a5cfa07b/element/d4bce54f-ac0b-4a2e-af8d-23565aeef3ae/value[39m
[35m[HTTP][39m [90m{"id":"d4bce54f-ac0b-4a2e-af8d-23565aeef3ae","text":"622525","value":["6","2","2","5","2","5"]}[39m
[35m[HTTP][39m [37m<-- POST /wd/hub/session/02aed906-b872-4c3d-bf6f-3af3a5cfa07b/element/d4bce54f-ac0b-4a2e-af8d-23565aeef3ae/value [39m[32m200[39m [90m65 ms - 14[39m
[35m[HTTP][39m [90m[39m
[35m[HTTP][39m [37m-->[39m [37mPOST[39m [37m/wd/hub/session/02aed906-b872-4c3d-bf6f-3af3a5cfa07b/timeouts[39m
[35m[HTTP][39m [90m{"implicit":50}[39m
[35m[HTTP][39m [37m<-- POST /wd/hub/session/02aed906-b872-4c3d-bf6f-3af3a5cfa07b/timeouts [39m[32m200[39m [90m2 ms - 14[39m
[35m[HTTP][39m [90m[39m
[35m[HTTP][39m [37m-->[39m [37mGET[39m [37m/wd/hub/session/02aed906-b872-4c3d-bf6f-3af3a5cfa07b/window/rect[39m
[35m[HTTP][39m [90m{}[39m
[35m[HTTP][39m [37m<-- GET /wd/hub/session/02aed906-b872-4c3d-bf6f-3af3a5cfa07b/window/rect [39m[32m200[39m [90m36 ms - 50[39m
[35m[HTTP][39m [90m[39m
[35m[HTTP][39m [37m-->[39m [37mPOST[39m [37m/wd/hub/session/02aed906-b872-4c3d-bf6f-3af3a5cfa07b/elements[39m
[35m[HTTP][39m [90m{"using":"id","value":"evermos.evermos.com.evermos:id/input_pass"}[39m
[35m[HTTP][39m [37m<-- POST /wd/hub/session/02aed906-b872-4c3d-bf6f-3af3a5cfa07b/elements [39m[32m200[39m [90m417 ms - 139[39m
[35m[HTTP][39m [90m[39m
[35m[HTTP][39m [37m-->[39m [37mGET[39m [37m/wd/hub/session/02aed906-b872-4c3d-bf6f-3af3a5cfa07b/element/831048c9-7090-4c2c-8834-022a28efbca7/location[39m
[35m[HTTP][39m [90m{}[39m
[35m[W3C (02aed906)][39m Driver proxy active, passing request on via HTTP proxy
[35m[WD Proxy][39m Replacing sessionId ecf85d56-2f8c-40c8-902e-609655a966dc with 02aed906-b872-4c3d-bf6f-3af3a5cfa07b
[35m[HTTP][39m [37m<-- GET /wd/hub/session/02aed906-b872-4c3d-bf6f-3af3a5cfa07b/element/831048c9-7090-4c2c-8834-022a28efbca7/location [39m[32m200[39m [90m28 ms - 78[39m
[35m[HTTP][39m [90m[39m
[35m[HTTP][39m [37m-->[39m [37mPOST[39m [37m/wd/hub/session/02aed906-b872-4c3d-bf6f-3af3a5cfa07b/timeouts[39m
[35m[HTTP][39m [90m{"implicit":30000}[39m
[35m[HTTP][39m [37m<-- POST /wd/hub/session/02aed906-b872-4c3d-bf6f-3af3a5cfa07b/timeouts [39m[32m200[39m [90m2 ms - 14[39m
[35m[HTTP][39m [90m[39m
[35m[HTTP][39m [37m-->[39m [37mPOST[39m [37m/wd/hub/session/02aed906-b872-4c3d-bf6f-3af3a5cfa07b/element/831048c9-7090-4c2c-8834-022a28efbca7/value[39m
[35m[HTTP][39m [90m{"id":"831048c9-7090-4c2c-8834-022a28efbca7","text":"1","value":["1"]}[39m
[35m[HTTP][39m [37m<-- POST /wd/hub/session/02aed906-b872-4c3d-bf6f-3af3a5cfa07b/element/831048c9-7090-4c2c-8834-022a28efbca7/value [39m[32m200[39m [90m884 ms - 14[39m
[35m[HTTP][39m [90m[39m
[35m[HTTP][39m [37m-->[39m [37mPOST[39m [37m/wd/hub/session/02aed906-b872-4c3d-bf6f-3af3a5cfa07b/timeouts[39m
[35m[HTTP][39m [90m{"implicit":50}[39m
[35m[HTTP][39m [37m<-- POST /wd/hub/session/02aed906-b872-4c3d-bf6f-3af3a5cfa07b/timeouts [39m[32m200[39m [90m2 ms - 14[39m
[35m[HTTP][39m [90m[39m
[35m[HTTP][39m [37m-->[39m [37mGET[39m [37m/wd/hub/session/02aed906-b872-4c3d-bf6f-3af3a5cfa07b/window/rect[39m
[35m[HTTP][39m [90m{}[39m
[35m[HTTP][39m [37m<-- GET /wd/hub/session/02aed906-b872-4c3d-bf6f-3af3a5cfa07b/window/rect [39m[32m200[39m [90m37 ms - 50[39m
[35m[HTTP][39m [90m[39m
[35m[HTTP][39m [37m-->[39m [37mPOST[39m [37m/wd/hub/session/02aed906-b872-4c3d-bf6f-3af3a5cfa07b/elements[39m
[35m[HTTP][39m [90m{"using":"id","value":"evermos.evermos.com.evermos:id/btnLogin"}[39m
[35m[HTTP][39m [37m<-- POST /wd/hub/session/02aed906-b872-4c3d-bf6f-3af3a5cfa07b/elements [39m[32m200[39m [90m708 ms - 139[39m
[35m[HTTP][39m [90m[39m
[35m[HTTP][39m [37m-->[39m [37mGET[39m [37m/wd/hub/session/02aed906-b872-4c3d-bf6f-3af3a5cfa07b/element/2f81b87c-53c2-4150-b75c-51c16a6d2198/location[39m
[35m[HTTP][39m [90m{}[39m
[35m[W3C (02aed906)][39m Driver proxy active, passing request on via HTTP proxy
[35m[WD Proxy][39m Replacing sessionId ecf85d56-2f8c-40c8-902e-609655a966dc with 02aed906-b872-4c3d-bf6f-3af3a5cfa07b
[35m[HTTP][39m [37m<-- GET /wd/hub/session/02aed906-b872-4c3d-bf6f-3af3a5cfa07b/element/2f81b87c-53c2-4150-b75c-51c16a6d2198/location [39m[32m200[39m [90m35 ms - 78[39m
[35m[HTTP][39m [90m[39m
[35m[HTTP][39m [37m-->[39m [37mPOST[39m [37m/wd/hub/session/02aed906-b872-4c3d-bf6f-3af3a5cfa07b/timeouts[39m
[35m[HTTP][39m [90m{"implicit":30000}[39m
[35m[HTTP][39m [37m<-- POST /wd/hub/session/02aed906-b872-4c3d-bf6f-3af3a5cfa07b/timeouts [39m[32m200[39m [90m2 ms - 14[39m
[35m[HTTP][39m [90m[39m
[35m[HTTP][39m [37m-->[39m [37mPOST[39m [37m/wd/hub/session/02aed906-b872-4c3d-bf6f-3af3a5cfa07b/touch/perform[39m
[35m[HTTP][39m [90m{"actions":[{"action":"tap","options":{"x":1,"y":1,"element":"2f81b87c-53c2-4150-b75c-51c16a6d2198"}},{"action":"release","options":{}}]}[39m
[35m[UiAutomator2][39m calling get location: 2f81b87c-53c2-4150-b75c-51c16a6d2198
[35m[HTTP][39m [37m<-- POST /wd/hub/session/02aed906-b872-4c3d-bf6f-3af3a5cfa07b/touch/perform [39m[32m200[39m [90m204 ms - 14[39m
[35m[HTTP][39m [90m[39m
[35m[HTTP][39m [37m-->[39m [37mPOST[39m [37m/wd/hub/session/02aed906-b872-4c3d-bf6f-3af3a5cfa07b/timeouts[39m
[35m[HTTP][39m [90m{"implicit":50}[39m
[35m[HTTP][39m [37m<-- POST /wd/hub/session/02aed906-b872-4c3d-bf6f-3af3a5cfa07b/timeouts [39m[32m200[39m [90m2 ms - 14[39m
[35m[HTTP][39m [90m[39m
[35m[HTTP][39m [37m-->[39m [37mGET[39m [37m/wd/hub/session/02aed906-b872-4c3d-bf6f-3af3a5cfa07b/window/rect[39m
[35m[HTTP][39m [90m{}[39m
[35m[HTTP][39m [37m<-- GET /wd/hub/session/02aed906-b872-4c3d-bf6f-3af3a5cfa07b/window/rect [39m[32m200[39m [90m33 ms - 50[39m
[35m[HTTP][39m [90m[39m
[35m[HTTP][39m [37m-->[39m [37mPOST[39m [37m/wd/hub/session/02aed906-b872-4c3d-bf6f-3af3a5cfa07b/elements[39m
[35m[HTTP][39m [90m{"using":"accessibility id","value":"Katalog"}[39m
[35m[HTTP][39m [37m<-- POST /wd/hub/session/02aed906-b872-4c3d-bf6f-3af3a5cfa07b/elements [39m[32m200[39m [90m501 ms - 12[39m
[35m[HTTP][39m [90m[39m
[35m[HTTP][39m [37m-->[39m [37mPOST[39m [37m/wd/hub/session/02aed906-b872-4c3d-bf6f-3af3a5cfa07b/elements[39m
[35m[HTTP][39m [90m{"using":"accessibility id","value":"Katalog"}[39m
[35m[HTTP][39m [37m<-- POST /wd/hub/session/02aed906-b872-4c3d-bf6f-3af3a5cfa07b/elements [39m[32m200[39m [90m608 ms - 12[39m
[35m[HTTP][39m [90m[39m
[35m[HTTP][39m [37m-->[39m [37mPOST[39m [37m/wd/hub/session/02aed906-b872-4c3d-bf6f-3af3a5cfa07b/elements[39m
[35m[HTTP][39m [90m{"using":"accessibility id","value":"Katalog"}[39m
[35m[HTTP][39m [37m<-- POST /wd/hub/session/02aed906-b872-4c3d-bf6f-3af3a5cfa07b/elements [39m[32m200[39m [90m584 ms - 12[39m
[35m[HTTP][39m [90m[39m
[35m[HTTP][39m [37m-->[39m [37mPOST[39m [37m/wd/hub/session/02aed906-b872-4c3d-bf6f-3af3a5cfa07b/elements[39m
[35m[HTTP][39m [90m{"using":"accessibility id","value":"Katalog"}[39m
[35m[HTTP][39m [37m<-- POST /wd/hub/session/02aed906-b872-4c3d-bf6f-3af3a5cfa07b/elements [39m[32m200[39m [90m3052 ms - 139[39m
[35m[HTTP][39m [90m[39m
[35m[HTTP][39m [37m-->[39m [37mGET[39m [37m/wd/hub/session/02aed906-b872-4c3d-bf6f-3af3a5cfa07b/element/213c344f-8c26-47fd-a621-51e9c78a60d1/location[39m
[35m[HTTP][39m [90m{}[39m
[35m[W3C (02aed906)][39m Driver proxy active, passing request on via HTTP proxy
[35m[WD Proxy][39m Replacing sessionId ecf85d56-2f8c-40c8-902e-609655a966dc with 02aed906-b872-4c3d-bf6f-3af3a5cfa07b
[35m[HTTP][39m [37m<-- GET /wd/hub/session/02aed906-b872-4c3d-bf6f-3af3a5cfa07b/element/213c344f-8c26-47fd-a621-51e9c78a60d1/location [39m[32m200[39m [90m354 ms - 77[39m
[35m[HTTP][39m [90m[39m
[35m[HTTP][39m [37m-->[39m [37mPOST[39m [37m/wd/hub/session/02aed906-b872-4c3d-bf6f-3af3a5cfa07b/timeouts[39m
[35m[HTTP][39m [90m{"implicit":30000}[39m
[35m[HTTP][39m [37m<-- POST /wd/hub/session/02aed906-b872-4c3d-bf6f-3af3a5cfa07b/timeouts [39m[32m200[39m [90m1 ms - 14[39m
[35m[HTTP][39m [90m[39m
[35m[HTTP][39m [37m-->[39m [37mPOST[39m [37m/wd/hub/session/02aed906-b872-4c3d-bf6f-3af3a5cfa07b/timeouts[39m
[35m[HTTP][39m [90m{"implicit":50}[39m
[35m[HTTP][39m [37m<-- POST /wd/hub/session/02aed906-b872-4c3d-bf6f-3af3a5cfa07b/timeouts [39m[32m200[39m [90m1 ms - 14[39m
[35m[HTTP][39m [90m[39m
[35m[HTTP][39m [37m-->[39m [37mGET[39m [37m/wd/hub/session/02aed906-b872-4c3d-bf6f-3af3a5cfa07b/window/rect[39m
[35m[HTTP][39m [90m{}[39m
[35m[HTTP][39m [37m<-- GET /wd/hub/session/02aed906-b872-4c3d-bf6f-3af3a5cfa07b/window/rect [39m[32m200[39m [90m31 ms - 50[39m
[35m[HTTP][39m [90m[39m
[35m[HTTP][39m [37m-->[39m [37mPOST[39m [37m/wd/hub/session/02aed906-b872-4c3d-bf6f-3af3a5cfa07b/elements[39m
[35m[HTTP][39m [90m{"using":"accessibility id","value":"Kategori"}[39m
[35m[HTTP][39m [37m<-- POST /wd/hub/session/02aed906-b872-4c3d-bf6f-3af3a5cfa07b/elements [39m[32m200[39m [90m965 ms - 139[39m
[35m[HTTP][39m [90m[39m
[35m[HTTP][39m [37m-->[39m [37mGET[39m [37m/wd/hub/session/02aed906-b872-4c3d-bf6f-3af3a5cfa07b/element/37b51f7f-c0c3-4d26-a580-1a0d50b93027/location[39m
[35m[HTTP][39m [90m{}[39m
[35m[W3C (02aed906)][39m Driver proxy active, passing request on via HTTP proxy
[35m[WD Proxy][39m Replacing sessionId ecf85d56-2f8c-40c8-902e-609655a966dc with 02aed906-b872-4c3d-bf6f-3af3a5cfa07b
[35m[HTTP][39m [37m<-- GET /wd/hub/session/02aed906-b872-4c3d-bf6f-3af3a5cfa07b/element/37b51f7f-c0c3-4d26-a580-1a0d50b93027/location [39m[32m200[39m [90m1511 ms - 79[39m
[35m[HTTP][39m [90m[39m
[35m[HTTP][39m [37m-->[39m [37mPOST[39m [37m/wd/hub/session/02aed906-b872-4c3d-bf6f-3af3a5cfa07b/timeouts[39m
[35m[HTTP][39m [90m{"implicit":30000}[39m
[35m[HTTP][39m [37m<-- POST /wd/hub/session/02aed906-b872-4c3d-bf6f-3af3a5cfa07b/timeouts [39m[32m200[39m [90m1 ms - 14[39m
[35m[HTTP][39m [90m[39m
[35m[HTTP][39m [37m-->[39m [37mPOST[39m [37m/wd/hub/session/02aed906-b872-4c3d-bf6f-3af3a5cfa07b/touch/perform[39m
[35m[HTTP][39m [90m{"actions":[{"action":"tap","options":{"x":1,"y":1,"element":"37b51f7f-c0c3-4d26-a580-1a0d50b93027"}},{"action":"release","options":{}}]}[39m
[35m[UiAutomator2][39m calling get location: 37b51f7f-c0c3-4d26-a580-1a0d50b93027
[35m[HTTP][39m [37m<-- POST /wd/hub/session/02aed906-b872-4c3d-bf6f-3af3a5cfa07b/touch/perform [39m[32m200[39m [90m220 ms - 14[39m
[35m[HTTP][39m [90m[39m
[35m[HTTP][39m [37m-->[39m [37mPOST[39m [37m/wd/hub/session/02aed906-b872-4c3d-bf6f-3af3a5cfa07b/timeouts[39m
[35m[HTTP][39m [90m{"implicit":50}[39m
[35m[HTTP][39m [37m<-- POST /wd/hub/session/02aed906-b872-4c3d-bf6f-3af3a5cfa07b/timeouts [39m[32m200[39m [90m1 ms - 14[39m
[35m[HTTP][39m [90m[39m
[35m[HTTP][39m [37m-->[39m [37mGET[39m [37m/wd/hub/session/02aed906-b872-4c3d-bf6f-3af3a5cfa07b/window/rect[39m
[35m[HTTP][39m [90m{}[39m
[35m[HTTP][39m [37m<-- GET /wd/hub/session/02aed906-b872-4c3d-bf6f-3af3a5cfa07b/window/rect [39m[32m200[39m [90m36 ms - 50[39m
[35m[HTTP][39m [90m[39m
[35m[HTTP][39m [37m-->[39m [37mPOST[39m [37m/wd/hub/session/02aed906-b872-4c3d-bf6f-3af3a5cfa07b/elements[39m
[35m[HTTP][39m [90m{"using":"xpath","value":"//hierarchy/android.widget.FrameLayout[1]/android.widget.LinearLayout[1]/android.widget.FrameLayout[1]/android.widget.LinearLayout[1]/android.widget.FrameLayout[1]/android.widget.RelativeLayout[1]/androidx.viewpager.widget.ViewPager[1]/androidx.recyclerview.widget.RecyclerView[1]/android.widget.FrameLayout[1]/android.view.ViewGroup[1]/android.widget.LinearLayout[2]/androidx.recyclerview.widget.RecyclerView[1]/android.widget.RelativeLayout[2]/android.widget.TextView[1]"}[39m
[35m[HTTP][39m [37m<-- POST /wd/hub/session/02aed906-b872-4c3d-bf6f-3af3a5cfa07b/elements [39m[32m200[39m [90m1463 ms - 139[39m
[35m[HTTP][39m [90m[39m
[35m[HTTP][39m [37m-->[39m [37mGET[39m [37m/wd/hub/session/02aed906-b872-4c3d-bf6f-3af3a5cfa07b/element/4dc69cd4-c8b7-4197-a9b2-b3869004c3c0/location[39m
[35m[HTTP][39m [90m{}[39m
[35m[W3C (02aed906)][39m Driver proxy active, passing request on via HTTP proxy
[35m[WD Proxy][39m Replacing sessionId ecf85d56-2f8c-40c8-902e-609655a966dc with 02aed906-b872-4c3d-bf6f-3af3a5cfa07b
[35m[HTTP][39m [37m<-- GET /wd/hub/session/02aed906-b872-4c3d-bf6f-3af3a5cfa07b/element/4dc69cd4-c8b7-4197-a9b2-b3869004c3c0/location [39m[32m200[39m [90m130 ms - 76[39m
[35m[HTTP][39m [90m[39m
[35m[HTTP][39m [37m-->[39m [37mPOST[39m [37m/wd/hub/session/02aed906-b872-4c3d-bf6f-3af3a5cfa07b/timeouts[39m
[35m[HTTP][39m [90m{"implicit":30000}[39m
[35m[HTTP][39m [37m<-- POST /wd/hub/session/02aed906-b872-4c3d-bf6f-3af3a5cfa07b/timeouts [39m[32m200[39m [90m2 ms - 14[39m
[35m[HTTP][39m [90m[39m
[35m[HTTP][39m [37m-->[39m [37mPOST[39m [37m/wd/hub/session/02aed906-b872-4c3d-bf6f-3af3a5cfa07b/touch/perform[39m
[35m[HTTP][39m [90m{"actions":[{"action":"tap","options":{"x":1,"y":1,"element":"4dc69cd4-c8b7-4197-a9b2-b3869004c3c0"}},{"action":"release","options":{}}]}[39m
[35m[UiAutomator2][39m calling get location: 4dc69cd4-c8b7-4197-a9b2-b3869004c3c0
[35m[HTTP][39m [37m<-- POST /wd/hub/session/02aed906-b872-4c3d-bf6f-3af3a5cfa07b/touch/perform [39m[32m200[39m [90m244 ms - 14[39m
[35m[HTTP][39m [90m[39m
[35m[HTTP][39m [37m-->[39m [37mPOST[39m [37m/wd/hub/session/02aed906-b872-4c3d-bf6f-3af3a5cfa07b/timeouts[39m
[35m[HTTP][39m [90m{"implicit":50}[39m
[35m[HTTP][39m [37m<-- POST /wd/hub/session/02aed906-b872-4c3d-bf6f-3af3a5cfa07b/timeouts [39m[32m200[39m [90m2 ms - 14[39m
[35m[HTTP][39m [90m[39m
[35m[HTTP][39m [37m-->[39m [37mGET[39m [37m/wd/hub/session/02aed906-b872-4c3d-bf6f-3af3a5cfa07b/window/rect[39m
[35m[HTTP][39m [90m{}[39m
[35m[HTTP][39m [37m<-- GET /wd/hub/session/02aed906-b872-4c3d-bf6f-3af3a5cfa07b/window/rect [39m[32m200[39m [90m15 ms - 50[39m
[35m[HTTP][39m [90m[39m
[35m[HTTP][39m [37m-->[39m [37mPOST[39m [37m/wd/hub/session/02aed906-b872-4c3d-bf6f-3af3a5cfa07b/elements[39m
[35m[HTTP][39m [90m{"using":"-android uiautomator","value":"new UiSelector().className(\"android.widget.TextView\").text(\"Fashion Bayi\").resourceId(\"evermos.evermos.com.evermos:id/txtCategory\").packageName(\"evermos.evermos.com.evermos\").enabled(true).clickable(false).longClickable(false).checkable(false).checked(false).focusable(false).focused(false).scrollable(false).selected(false).index(0)"}[39m
[35m[HTTP][39m [37m<-- POST /wd/hub/session/02aed906-b872-4c3d-bf6f-3af3a5cfa07b/elements [39m[32m200[39m [90m1914 ms - 139[39m
[35m[HTTP][39m [90m[39m
[35m[HTTP][39m [37m-->[39m [37mGET[39m [37m/wd/hub/session/02aed906-b872-4c3d-bf6f-3af3a5cfa07b/element/25d8c5e4-e806-4851-b089-97bb4cb02caa/location[39m
[35m[HTTP][39m [90m{}[39m
[35m[W3C (02aed906)][39m Driver proxy active, passing request on via HTTP proxy
[35m[WD Proxy][39m Replacing sessionId ecf85d56-2f8c-40c8-902e-609655a966dc with 02aed906-b872-4c3d-bf6f-3af3a5cfa07b
[35m[HTTP][39m [37m<-- GET /wd/hub/session/02aed906-b872-4c3d-bf6f-3af3a5cfa07b/element/25d8c5e4-e806-4851-b089-97bb4cb02caa/location [39m[32m200[39m [90m87 ms - 78[39m
[35m[HTTP][39m [90m[39m
[35m[HTTP][39m [37m-->[39m [37mPOST[39m [37m/wd/hub/session/02aed906-b872-4c3d-bf6f-3af3a5cfa07b/timeouts[39m
[35m[HTTP][39m [90m{"implicit":30000}[39m
[35m[HTTP][39m [37m<-- POST /wd/hub/session/02aed906-b872-4c3d-bf6f-3af3a5cfa07b/timeouts [39m[32m200[39m [90m1 ms - 14[39m
[35m[HTTP][39m [90m[39m
[35m[HTTP][39m [37m-->[39m [37mPOST[39m [37m/wd/hub/session/02aed906-b872-4c3d-bf6f-3af3a5cfa07b/timeouts[39m
[35m[HTTP][39m [90m{"implicit":50}[39m
[35m[HTTP][39m [37m<-- POST /wd/hub/session/02aed906-b872-4c3d-bf6f-3af3a5cfa07b/timeouts [39m[32m200[39m [90m1 ms - 14[39m
[35m[HTTP][39m [90m[39m
[35m[HTTP][39m [37m-->[39m [37mGET[39m [37m/wd/hub/session/02aed906-b872-4c3d-bf6f-3af3a5cfa07b/window/rect[39m
[35m[HTTP][39m [90m{}[39m
[35m[HTTP][39m [37m<-- GET /wd/hub/session/02aed906-b872-4c3d-bf6f-3af3a5cfa07b/window/rect [39m[32m200[39m [90m23 ms - 50[39m
[35m[HTTP][39m [90m[39m
[35m[HTTP][39m [37m-->[39m [37mPOST[39m [37m/wd/hub/session/02aed906-b872-4c3d-bf6f-3af3a5cfa07b/elements[39m
[35m[HTTP][39m [90m{"using":"accessibility id","value":"Toko Saya"}[39m
[35m[HTTP][39m [37m<-- POST /wd/hub/session/02aed906-b872-4c3d-bf6f-3af3a5cfa07b/elements [39m[32m200[39m [90m561 ms - 139[39m
[35m[HTTP][39m [90m[39m
[35m[HTTP][39m [37m-->[39m [37mGET[39m [37m/wd/hub/session/02aed906-b872-4c3d-bf6f-3af3a5cfa07b/element/adcc55e4-3eda-4e6e-8a39-f5aceb2ebca5/location[39m
[35m[HTTP][39m [90m{}[39m
[35m[W3C (02aed906)][39m Driver proxy active, passing request on via HTTP proxy
[35m[WD Proxy][39m Replacing sessionId ecf85d56-2f8c-40c8-902e-609655a966dc with 02aed906-b872-4c3d-bf6f-3af3a5cfa07b
[35m[HTTP][39m [37m<-- GET /wd/hub/session/02aed906-b872-4c3d-bf6f-3af3a5cfa07b/element/adcc55e4-3eda-4e6e-8a39-f5aceb2ebca5/location [39m[32m200[39m [90m42 ms - 79[39m
[35m[HTTP][39m [90m[39m
[35m[HTTP][39m [37m-->[39m [37mPOST[39m [37m/wd/hub/session/02aed906-b872-4c3d-bf6f-3af3a5cfa07b/timeouts[39m
[35m[HTTP][39m [90m{"implicit":30000}[39m
[35m[HTTP][39m [37m<-- POST /wd/hub/session/02aed906-b872-4c3d-bf6f-3af3a5cfa07b/timeouts [39m[32m200[39m [90m1 ms - 14[39m
[35m[HTTP][39m [90m[39m
[35m[HTTP][39m [37m-->[39m [37mPOST[39m [37m/wd/hub/session/02aed906-b872-4c3d-bf6f-3af3a5cfa07b/touch/perform[39m
[35m[HTTP][39m [90m{"actions":[{"action":"tap","options":{"x":1,"y":1,"element":"adcc55e4-3eda-4e6e-8a39-f5aceb2ebca5"}},{"action":"release","options":{}}]}[39m
[35m[UiAutomator2][39m calling get location: adcc55e4-3eda-4e6e-8a39-f5aceb2ebca5
[35m[HTTP][39m [37m<-- POST /wd/hub/session/02aed906-b872-4c3d-bf6f-3af3a5cfa07b/touch/perform [39m[32m200[39m [90m818 ms - 14[39m
[35m[HTTP][39m [90m[39m
[35m[HTTP][39m [37m-->[39m [37mPOST[39m [37m/wd/hub/session/02aed906-b872-4c3d-bf6f-3af3a5cfa07b/timeouts[39m
[35m[HTTP][39m [90m{"implicit":50}[39m
[35m[HTTP][39m [37m<-- POST /wd/hub/session/02aed906-b872-4c3d-bf6f-3af3a5cfa07b/timeouts [39m[32m200[39m [90m1 ms - 14[39m
[35m[HTTP][39m [90m[39m
[35m[HTTP][39m [37m-->[39m [37mGET[39m [37m/wd/hub/session/02aed906-b872-4c3d-bf6f-3af3a5cfa07b/window/rect[39m
[35m[HTTP][39m [90m{}[39m
[35m[HTTP][39m [37m<-- GET /wd/hub/session/02aed906-b872-4c3d-bf6f-3af3a5cfa07b/window/rect [39m[32m200[39m [90m34 ms - 50[39m
[35m[HTTP][39m [90m[39m
[35m[HTTP][39m [37m-->[39m [37mPOST[39m [37m/wd/hub/session/02aed906-b872-4c3d-bf6f-3af3a5cfa07b/elements[39m
[35m[HTTP][39m [90m{"using":"id","value":"evermos.evermos.com.evermos:id/text_store"}[39m
[35m[HTTP][39m [37m<-- POST /wd/hub/session/02aed906-b872-4c3d-bf6f-3af3a5cfa07b/elements [39m[32m200[39m [90m1195 ms - 139[39m
[35m[HTTP][39m [90m[39m
[35m[HTTP][39m [37m-->[39m [37mGET[39m [37m/wd/hub/session/02aed906-b872-4c3d-bf6f-3af3a5cfa07b/element/6681edaa-f8d1-471c-8374-0ae609632305/location[39m
[35m[HTTP][39m [90m{}[39m
[35m[W3C (02aed906)][39m Driver proxy active, passing request on via HTTP proxy
[35m[WD Proxy][39m Replacing sessionId ecf85d56-2f8c-40c8-902e-609655a966dc with 02aed906-b872-4c3d-bf6f-3af3a5cfa07b
[35m[HTTP][39m [37m<-- GET /wd/hub/session/02aed906-b872-4c3d-bf6f-3af3a5cfa07b/element/6681edaa-f8d1-471c-8374-0ae609632305/location [39m[32m200[39m [90m520 ms - 78[39m
[35m[HTTP][39m [90m[39m
[35m[HTTP][39m [37m-->[39m [37mPOST[39m [37m/wd/hub/session/02aed906-b872-4c3d-bf6f-3af3a5cfa07b/timeouts[39m
[35m[HTTP][39m [90m{"implicit":30000}[39m
[35m[HTTP][39m [37m<-- POST /wd/hub/session/02aed906-b872-4c3d-bf6f-3af3a5cfa07b/timeouts [39m[32m200[39m [90m4 ms - 14[39m
[35m[HTTP][39m [90m[39m
[35m[HTTP][39m [37m-->[39m [37mPOST[39m [37m/wd/hub/session/02aed906-b872-4c3d-bf6f-3af3a5cfa07b/timeouts[39m
[35m[HTTP][39m [90m{"implicit":50}[39m
[35m[HTTP][39m [37m<-- POST /wd/hub/session/02aed906-b872-4c3d-bf6f-3af3a5cfa07b/timeouts [39m[32m200[39m [90m1 ms - 14[39m
[35m[HTTP][39m [90m[39m
[35m[HTTP][39m [37m-->[39m [37mGET[39m [37m/wd/hub/session/02aed906-b872-4c3d-bf6f-3af3a5cfa07b/window/rect[39m
[35m[HTTP][39m [90m{}[39m
[35m[HTTP][39m [37m<-- GET /wd/hub/session/02aed906-b872-4c3d-bf6f-3af3a5cfa07b/window/rect [39m[32m200[39m [90m18 ms - 50[39m
[35m[HTTP][39m [90m[39m
[35m[HTTP][39m [37m-->[39m [37mPOST[39m [37m/wd/hub/session/02aed906-b872-4c3d-bf6f-3af3a5cfa07b/elements[39m
[35m[HTTP][39m [90m{"using":"xpath","value":"//hierarchy/android.widget.FrameLayout[1]/android.widget.LinearLayout[1]/android.widget.FrameLayout[1]/android.widget.LinearLayout[1]/android.widget.FrameLayout[1]/android.widget.RelativeLayout[1]/androidx.viewpager.widget.ViewPager[1]/androidx.recyclerview.widget.RecyclerView[1]/android.widget.FrameLayout[1]/android.view.ViewGroup[1]/android.widget.RelativeLayout[1]/android.view.ViewGroup[1]/androidx.recyclerview.widget.RecyclerView[1]/androidx.cardview.widget.CardView[1]/android.widget.RelativeLayout[1]/android.widget.FrameLayout[1]/android.widget.FrameLayout[1]/android.widget.ImageView[1]"}[39m
[35m[HTTP][39m [37m<-- POST /wd/hub/session/02aed906-b872-4c3d-bf6f-3af3a5cfa07b/elements [39m[32m200[39m [90m548 ms - 139[39m
[35m[HTTP][39m [90m[39m
[35m[HTTP][39m [37m-->[39m [37mGET[39m [37m/wd/hub/session/02aed906-b872-4c3d-bf6f-3af3a5cfa07b/element/3956a812-9282-4c11-b339-9f3114d4a2b9/location[39m
[35m[HTTP][39m [90m{}[39m
[35m[W3C (02aed906)][39m Driver proxy active, passing request on via HTTP proxy
[35m[WD Proxy][39m Replacing sessionId ecf85d56-2f8c-40c8-902e-609655a966dc with 02aed906-b872-4c3d-bf6f-3af3a5cfa07b
[35m[HTTP][39m [37m<-- GET /wd/hub/session/02aed906-b872-4c3d-bf6f-3af3a5cfa07b/element/3956a812-9282-4c11-b339-9f3114d4a2b9/location [39m[32m200[39m [90m292 ms - 76[39m
[35m[HTTP][39m [90m[39m
[35m[HTTP][39m [37m-->[39m [37mPOST[39m [37m/wd/hub/session/02aed906-b872-4c3d-bf6f-3af3a5cfa07b/timeouts[39m
[35m[HTTP][39m [90m{"implicit":30000}[39m
[35m[HTTP][39m [37m<-- POST /wd/hub/session/02aed906-b872-4c3d-bf6f-3af3a5cfa07b/timeouts [39m[32m200[39m [90m1 ms - 14[39m
[35m[HTTP][39m [90m[39m
[35m[HTTP][39m [37m-->[39m [37mPOST[39m [37m/wd/hub/session/02aed906-b872-4c3d-bf6f-3af3a5cfa07b/touch/perform[39m
[35m[HTTP][39m [90m{"actions":[{"action":"tap","options":{"x":1,"y":1,"element":"3956a812-9282-4c11-b339-9f3114d4a2b9"}},{"action":"release","options":{}}]}[39m
[35m[UiAutomator2][39m calling get location: 3956a812-9282-4c11-b339-9f3114d4a2b9
[35m[HTTP][39m [37m<-- POST /wd/hub/session/02aed906-b872-4c3d-bf6f-3af3a5cfa07b/touch/perform [39m[32m200[39m [90m2727 ms - 14[39m
[35m[HTTP][39m [90m[39m
[35m[HTTP][39m [37m-->[39m [37mPOST[39m [37m/wd/hub/session/02aed906-b872-4c3d-bf6f-3af3a5cfa07b/timeouts[39m
[35m[HTTP][39m [90m{"implicit":50}[39m
[35m[HTTP][39m [37m<-- POST /wd/hub/session/02aed906-b872-4c3d-bf6f-3af3a5cfa07b/timeouts [39m[32m200[39m [90m5 ms - 14[39m
[35m[HTTP][39m [90m[39m
[35m[HTTP][39m [37m-->[39m [37mGET[39m [37m/wd/hub/session/02aed906-b872-4c3d-bf6f-3af3a5cfa07b/window/rect[39m
[35m[HTTP][39m [90m{}[39m
[35m[HTTP][39m [37m<-- GET /wd/hub/session/02aed906-b872-4c3d-bf6f-3af3a5cfa07b/window/rect [39m[32m200[39m [90m31 ms - 50[39m
[35m[HTTP][39m [90m[39m
[35m[HTTP][39m [37m-->[39m [37mPOST[39m [37m/wd/hub/session/02aed906-b872-4c3d-bf6f-3af3a5cfa07b/elements[39m
[35m[HTTP][39m [90m{"using":"id","value":"evermos.evermos.com.evermos:id/txtNamaProduct"}[39m
[35m[HTTP][39m [37m<-- POST /wd/hub/session/02aed906-b872-4c3d-bf6f-3af3a5cfa07b/elements [39m[32m200[39m [90m147 ms - 139[39m
[35m[HTTP][39m [90m[39m
[35m[HTTP][39m [37m-->[39m [37mGET[39m [37m/wd/hub/session/02aed906-b872-4c3d-bf6f-3af3a5cfa07b/element/ea867694-24c2-428c-82eb-8f8c065b15a3/location[39m
[35m[HTTP][39m [90m{}[39m
[35m[W3C (02aed906)][39m Driver proxy active, passing request on via HTTP proxy
[35m[WD Proxy][39m Replacing sessionId ecf85d56-2f8c-40c8-902e-609655a966dc with 02aed906-b872-4c3d-bf6f-3af3a5cfa07b
[35m[HTTP][39m [37m<-- GET /wd/hub/session/02aed906-b872-4c3d-bf6f-3af3a5cfa07b/element/ea867694-24c2-428c-82eb-8f8c065b15a3/location [39m[32m200[39m [90m47 ms - 78[39m
[35m[HTTP][39m [90m[39m
[35m[HTTP][39m [37m-->[39m [37mPOST[39m [37m/wd/hub/session/02aed906-b872-4c3d-bf6f-3af3a5cfa07b/timeouts[39m
[35m[HTTP][39m [90m{"implicit":30000}[39m
[35m[HTTP][39m [37m<-- POST /wd/hub/session/02aed906-b872-4c3d-bf6f-3af3a5cfa07b/timeouts [39m[32m200[39m [90m1 ms - 14[39m
[35m[HTTP][39m [90m[39m
[35m[HTTP][39m [37m-->[39m [37mPOST[39m [37m/wd/hub/session/02aed906-b872-4c3d-bf6f-3af3a5cfa07b/timeouts[39m
[35m[HTTP][39m [90m{"implicit":50}[39m
[35m[HTTP][39m [37m<-- POST /wd/hub/session/02aed906-b872-4c3d-bf6f-3af3a5cfa07b/timeouts [39m[32m200[39m [90m1 ms - 14[39m
[35m[HTTP][39m [90m[39m
[35m[HTTP][39m [37m-->[39m [37mGET[39m [37m/wd/hub/session/02aed906-b872-4c3d-bf6f-3af3a5cfa07b/window/rect[39m
[35m[HTTP][39m [90m{}[39m
[35m[HTTP][39m [37m<-- GET /wd/hub/session/02aed906-b872-4c3d-bf6f-3af3a5cfa07b/window/rect [39m[32m200[39m [90m28 ms - 50[39m
[35m[HTTP][39m [90m[39m
[35m[HTTP][39m [37m-->[39m [37mPOST[39m [37m/wd/hub/session/02aed906-b872-4c3d-bf6f-3af3a5cfa07b/elements[39m
[35m[HTTP][39m [90m{"using":"id","value":"evermos.evermos.com.evermos:id/share_btn"}[39m
[35m[HTTP][39m [37m<-- POST /wd/hub/session/02aed906-b872-4c3d-bf6f-3af3a5cfa07b/elements [39m[32m200[39m [90m153 ms - 139[39m
[35m[HTTP][39m [90m[39m
[35m[HTTP][39m [37m-->[39m [37mGET[39m [37m/wd/hub/session/02aed906-b872-4c3d-bf6f-3af3a5cfa07b/element/7a102c2d-98e1-4d44-82ee-5af42ce60b6c/location[39m
[35m[HTTP][39m [90m{}[39m
[35m[W3C (02aed906)][39m Driver proxy active, passing request on via HTTP proxy
[35m[WD Proxy][39m Replacing sessionId ecf85d56-2f8c-40c8-902e-609655a966dc with 02aed906-b872-4c3d-bf6f-3af3a5cfa07b
[35m[HTTP][39m [37m<-- GET /wd/hub/session/02aed906-b872-4c3d-bf6f-3af3a5cfa07b/element/7a102c2d-98e1-4d44-82ee-5af42ce60b6c/location [39m[32m200[39m [90m38 ms - 78[39m
[35m[HTTP][39m [90m[39m
[35m[HTTP][39m [37m-->[39m [37mPOST[39m [37m/wd/hub/session/02aed906-b872-4c3d-bf6f-3af3a5cfa07b/timeouts[39m
[35m[HTTP][39m [90m{"implicit":30000}[39m
[35m[HTTP][39m [37m<-- POST /wd/hub/session/02aed906-b872-4c3d-bf6f-3af3a5cfa07b/timeouts [39m[32m200[39m [90m2 ms - 14[39m
[35m[HTTP][39m [90m[39m
[35m[HTTP][39m [37m-->[39m [37mPOST[39m [37m/wd/hub/session/02aed906-b872-4c3d-bf6f-3af3a5cfa07b/touch/perform[39m
[35m[HTTP][39m [90m{"actions":[{"action":"tap","options":{"x":1,"y":1,"element":"7a102c2d-98e1-4d44-82ee-5af42ce60b6c"}},{"action":"release","options":{}}]}[39m
[35m[UiAutomator2][39m calling get location: 7a102c2d-98e1-4d44-82ee-5af42ce60b6c
[35m[HTTP][39m [37m<-- POST /wd/hub/session/02aed906-b872-4c3d-bf6f-3af3a5cfa07b/touch/perform [39m[32m200[39m [90m208 ms - 14[39m
[35m[HTTP][39m [90m[39m
[35m[HTTP][39m [37m-->[39m [37mPOST[39m [37m/wd/hub/session/02aed906-b872-4c3d-bf6f-3af3a5cfa07b/timeouts[39m
[35m[HTTP][39m [90m{"implicit":50}[39m
[35m[HTTP][39m [37m<-- POST /wd/hub/session/02aed906-b872-4c3d-bf6f-3af3a5cfa07b/timeouts [39m[32m200[39m [90m1 ms - 14[39m
[35m[HTTP][39m [90m[39m
[35m[HTTP][39m [37m-->[39m [37mGET[39m [37m/wd/hub/session/02aed906-b872-4c3d-bf6f-3af3a5cfa07b/window/rect[39m
[35m[HTTP][39m [90m{}[39m
[35m[HTTP][39m [37m<-- GET /wd/hub/session/02aed906-b872-4c3d-bf6f-3af3a5cfa07b/window/rect [39m[32m200[39m [90m22 ms - 50[39m
[35m[HTTP][39m [90m[39m
[35m[HTTP][39m [37m-->[39m [37mPOST[39m [37m/wd/hub/session/02aed906-b872-4c3d-bf6f-3af3a5cfa07b/elements[39m
[35m[HTTP][39m [90m{"using":"id","value":"evermos.evermos.com.evermos:id/download_btn"}[39m
[35m[HTTP][39m [37m<-- POST /wd/hub/session/02aed906-b872-4c3d-bf6f-3af3a5cfa07b/elements [39m[32m200[39m [90m773 ms - 139[39m
[35m[HTTP][39m [90m[39m
[35m[HTTP][39m [37m-->[39m [37mGET[39m [37m/wd/hub/session/02aed906-b872-4c3d-bf6f-3af3a5cfa07b/element/9ddfa5c2-3cdd-498a-8aca-615eda501e63/location[39m
[35m[HTTP][39m [90m{}[39m
[35m[W3C (02aed906)][39m Driver proxy active, passing request on via HTTP proxy
[35m[WD Proxy][39m Replacing sessionId ecf85d56-2f8c-40c8-902e-609655a966dc with 02aed906-b872-4c3d-bf6f-3af3a5cfa07b
[35m[HTTP][39m [37m<-- GET /wd/hub/session/02aed906-b872-4c3d-bf6f-3af3a5cfa07b/element/9ddfa5c2-3cdd-498a-8aca-615eda501e63/location [39m[32m200[39m [90m40 ms - 78[39m
[35m[HTTP][39m [90m[39m
[35m[HTTP][39m [37m-->[39m [37mPOST[39m [37m/wd/hub/session/02aed906-b872-4c3d-bf6f-3af3a5cfa07b/timeouts[39m
[35m[HTTP][39m [90m{"implicit":30000}[39m
[35m[HTTP][39m [37m<-- POST /wd/hub/session/02aed906-b872-4c3d-bf6f-3af3a5cfa07b/timeouts [39m[32m200[39m [90m1 ms - 14[39m
[35m[HTTP][39m [90m[39m
[35m[HTTP][39m [37m-->[39m [37mPOST[39m [37m/wd/hub/session/02aed906-b872-4c3d-bf6f-3af3a5cfa07b/touch/perform[39m
[35m[HTTP][39m [90m{"actions":[{"action":"tap","options":{"x":1,"y":1,"element":"9ddfa5c2-3cdd-498a-8aca-615eda501e63"}},{"action":"release","options":{}}]}[39m
[35m[UiAutomator2][39m calling get location: 9ddfa5c2-3cdd-498a-8aca-615eda501e63
[35m[HTTP][39m [37m<-- POST /wd/hub/session/02aed906-b872-4c3d-bf6f-3af3a5cfa07b/touch/perform [39m[32m200[39m [90m184 ms - 14[39m
[35m[HTTP][39m [90m[39m
[35m[HTTP][39m [37m-->[39m [37mPOST[39m [37m/wd/hub/session/02aed906-b872-4c3d-bf6f-3af3a5cfa07b/timeouts[39m
[35m[HTTP][39m [90m{"implicit":50}[39m
[35m[HTTP][39m [37m<-- POST /wd/hub/session/02aed906-b872-4c3d-bf6f-3af3a5cfa07b/timeouts [39m[32m200[39m [90m1 ms - 14[39m
[35m[HTTP][39m [90m[39m
[35m[HTTP][39m [37m-->[39m [37mGET[39m [37m/wd/hub/session/02aed906-b872-4c3d-bf6f-3af3a5cfa07b/window/rect[39m
[35m[HTTP][39m [90m{}[39m
[35m[HTTP][39m [37m<-- GET /wd/hub/session/02aed906-b872-4c3d-bf6f-3af3a5cfa07b/window/rect [39m[32m200[39m [90m20 ms - 50[39m
[35m[HTTP][39m [90m[39m
[35m[HTTP][39m [37m-->[39m [37mPOST[39m [37m/wd/hub/session/02aed906-b872-4c3d-bf6f-3af3a5cfa07b/elements[39m
[35m[HTTP][39m [90m{"using":"id","value":"evermos.evermos.com.evermos:id/indicator"}[39m
[35m[HTTP][39m [37m<-- POST /wd/hub/session/02aed906-b872-4c3d-bf6f-3af3a5cfa07b/elements [39m[32m200[39m [90m740 ms - 139[39m
[35m[HTTP][39m [90m[39m
[35m[HTTP][39m [37m-->[39m [37mGET[39m [37m/wd/hub/session/02aed906-b872-4c3d-bf6f-3af3a5cfa07b/element/9394007c-4789-416e-b7b2-d0f8d81e93e6/location[39m
[35m[HTTP][39m [90m{}[39m
[35m[W3C (02aed906)][39m Driver proxy active, passing request on via HTTP proxy
[35m[WD Proxy][39m Replacing sessionId ecf85d56-2f8c-40c8-902e-609655a966dc with 02aed906-b872-4c3d-bf6f-3af3a5cfa07b
[35m[HTTP][39m [37m<-- GET /wd/hub/session/02aed906-b872-4c3d-bf6f-3af3a5cfa07b/element/9394007c-4789-416e-b7b2-d0f8d81e93e6/location [39m[32m200[39m [90m24 ms - 79[39m
[35m[HTTP][39m [90m[39m
[35m[HTTP][39m [37m-->[39m [37mPOST[39m [37m/wd/hub/session/02aed906-b872-4c3d-bf6f-3af3a5cfa07b/timeouts[39m
[35m[HTTP][39m [90m{"implicit":30000}[39m
[35m[HTTP][39m [37m<-- POST /wd/hub/session/02aed906-b872-4c3d-bf6f-3af3a5cfa07b/timeouts [39m[32m200[39m [90m1 ms - 14[39m
[35m[HTTP][39m [90m[39m
[35m[HTTP][39m [37m-->[39m [37mPOST[39m [37m/wd/hub/session/02aed906-b872-4c3d-bf6f-3af3a5cfa07b/touch/perform[39m
[35m[HTTP][39m [90m{"actions":[{"action":"tap","options":{"x":1,"y":1,"element":"9394007c-4789-416e-b7b2-d0f8d81e93e6"}},{"action":"release","options":{}}]}[39m
[35m[UiAutomator2][39m calling get location: 9394007c-4789-416e-b7b2-d0f8d81e93e6
[35m[HTTP][39m [37m<-- POST /wd/hub/session/02aed906-b872-4c3d-bf6f-3af3a5cfa07b/touch/perform [39m[32m200[39m [90m961 ms - 14[39m
[35m[HTTP][39m [90m[39m
[35m[HTTP][39m [37m-->[39m [37mPOST[39m [37m/wd/hub/session/02aed906-b872-4c3d-bf6f-3af3a5cfa07b/timeouts[39m
[35m[HTTP][39m [90m{"implicit":50}[39m
[35m[HTTP][39m [37m<-- POST /wd/hub/session/02aed906-b872-4c3d-bf6f-3af3a5cfa07b/timeouts [39m[32m200[39m [90m1 ms - 14[39m
[35m[HTTP][39m [90m[39m
[35m[HTTP][39m [37m-->[39m [37mGET[39m [37m/wd/hub/session/02aed906-b872-4c3d-bf6f-3af3a5cfa07b/window/rect[39m
[35m[HTTP][39m [90m{}[39m
[35m[HTTP][39m [37m<-- GET /wd/hub/session/02aed906-b872-4c3d-bf6f-3af3a5cfa07b/window/rect [39m[32m200[39m [90m20 ms - 50[39m
[35m[HTTP][39m [90m[39m
[35m[HTTP][39m [37m-->[39m [37mPOST[39m [37m/wd/hub/session/02aed906-b872-4c3d-bf6f-3af3a5cfa07b/elements[39m
[35m[HTTP][39m [90m{"using":"id","value":"evermos.evermos.com.evermos:id/back_btn"}[39m
[35m[HTTP][39m [37m<-- POST /wd/hub/session/02aed906-b872-4c3d-bf6f-3af3a5cfa07b/elements [39m[32m200[39m [90m125 ms - 139[39m
[35m[HTTP][39m [90m[39m
[35m[HTTP][39m [37m-->[39m [37mGET[39m [37m/wd/hub/session/02aed906-b872-4c3d-bf6f-3af3a5cfa07b/element/4302ae93-2447-4fbe-aad1-78864c525df1/location[39m
[35m[HTTP][39m [90m{}[39m
[35m[W3C (02aed906)][39m Driver proxy active, passing request on via HTTP proxy
[35m[WD Proxy][39m Replacing sessionId ecf85d56-2f8c-40c8-902e-609655a966dc with 02aed906-b872-4c3d-bf6f-3af3a5cfa07b
[35m[HTTP][39m [37m<-- GET /wd/hub/session/02aed906-b872-4c3d-bf6f-3af3a5cfa07b/element/4302ae93-2447-4fbe-aad1-78864c525df1/location [39m[32m200[39m [90m32 ms - 77[39m
[35m[HTTP][39m [90m[39m
[35m[HTTP][39m [37m-->[39m [37mPOST[39m [37m/wd/hub/session/02aed906-b872-4c3d-bf6f-3af3a5cfa07b/timeouts[39m
[35m[HTTP][39m [90m{"implicit":30000}[39m
[35m[HTTP][39m [37m<-- POST /wd/hub/session/02aed906-b872-4c3d-bf6f-3af3a5cfa07b/timeouts [39m[32m200[39m [90m2 ms - 14[39m
[35m[HTTP][39m [90m[39m
[35m[HTTP][39m [37m-->[39m [37mPOST[39m [37m/wd/hub/session/02aed906-b872-4c3d-bf6f-3af3a5cfa07b/timeouts[39m
[35m[HTTP][39m [90m{"implicit":50}[39m
[35m[HTTP][39m [37m<-- POST /wd/hub/session/02aed906-b872-4c3d-bf6f-3af3a5cfa07b/timeouts [39m[32m200[39m [90m1 ms - 14[39m
[35m[HTTP][39m [90m[39m
[35m[HTTP][39m [37m-->[39m [37mGET[39m [37m/wd/hub/session/02aed906-b872-4c3d-bf6f-3af3a5cfa07b/window/rect[39m
[35m[HTTP][39m [90m{}[39m
[35m[HTTP][39m [37m<-- GET /wd/hub/session/02aed906-b872-4c3d-bf6f-3af3a5cfa07b/window/rect [39m[32m200[39m [90m30 ms - 50[39m
[35m[HTTP][39m [90m[39m
[35m[HTTP][39m [37m-->[39m [37mPOST[39m [37m/wd/hub/session/02aed906-b872-4c3d-bf6f-3af3a5cfa07b/elements[39m
[35m[HTTP][39m [90m{"using":"id","value":"evermos.evermos.com.evermos:id/back_btn"}[39m
[35m[HTTP][39m [37m<-- POST /wd/hub/session/02aed906-b872-4c3d-bf6f-3af3a5cfa07b/elements [39m[32m200[39m [90m913 ms - 139[39m
[35m[HTTP][39m [90m[39m
[35m[HTTP][39m [37m-->[39m [37mGET[39m [37m/wd/hub/session/02aed906-b872-4c3d-bf6f-3af3a5cfa07b/element/3baad5b0-bfc6-4cd3-8859-8f87ff4efaa4/location[39m
[35m[HTTP][39m [90m{}[39m
[35m[W3C (02aed906)][39m Driver proxy active, passing request on via HTTP proxy
[35m[WD Proxy][39m Replacing sessionId ecf85d56-2f8c-40c8-902e-609655a966dc with 02aed906-b872-4c3d-bf6f-3af3a5cfa07b
[35m[HTTP][39m [37m<-- GET /wd/hub/session/02aed906-b872-4c3d-bf6f-3af3a5cfa07b/element/3baad5b0-bfc6-4cd3-8859-8f87ff4efaa4/location [39m[32m200[39m [90m30 ms - 77[39m
[35m[HTTP][39m [90m[39m
[35m[HTTP][39m [37m-->[39m [37mPOST[39m [37m/wd/hub/session/02aed906-b872-4c3d-bf6f-3af3a5cfa07b/timeouts[39m
[35m[HTTP][39m [90m{"implicit":30000}[39m
[35m[HTTP][39m [37m<-- POST /wd/hub/session/02aed906-b872-4c3d-bf6f-3af3a5cfa07b/timeouts [39m[32m200[39m [90m1 ms - 14[39m
[35m[HTTP][39m [90m[39m
[35m[HTTP][39m [37m-->[39m [37mPOST[39m [37m/wd/hub/session/02aed906-b872-4c3d-bf6f-3af3a5cfa07b/touch/perform[39m
[35m[HTTP][39m [90m{"actions":[{"action":"tap","options":{"x":1,"y":1,"element":"3baad5b0-bfc6-4cd3-8859-8f87ff4efaa4"}},{"action":"release","options":{}}]}[39m
[35m[UiAutomator2][39m calling get location: 3baad5b0-bfc6-4cd3-8859-8f87ff4efaa4
[35m[HTTP][39m [37m<-- POST /wd/hub/session/02aed906-b872-4c3d-bf6f-3af3a5cfa07b/touch/perform [39m[32m200[39m [90m195 ms - 14[39m
[35m[HTTP][39m [90m[39m
[35m[HTTP][39m [37m-->[39m [37mPOST[39m [37m/wd/hub/session/02aed906-b872-4c3d-bf6f-3af3a5cfa07b/timeouts[39m
[35m[HTTP][39m [90m{"implicit":50}[39m
[35m[HTTP][39m [37m<-- POST /wd/hub/session/02aed906-b872-4c3d-bf6f-3af3a5cfa07b/timeouts [39m[32m200[39m [90m1 ms - 14[39m
[35m[HTTP][39m [90m[39m
[35m[HTTP][39m [37m-->[39m [37mGET[39m [37m/wd/hub/session/02aed906-b872-4c3d-bf6f-3af3a5cfa07b/window/rect[39m
[35m[HTTP][39m [90m{}[39m
[35m[HTTP][39m [37m<-- GET /wd/hub/session/02aed906-b872-4c3d-bf6f-3af3a5cfa07b/window/rect [39m[32m200[39m [90m13 ms - 50[39m
[35m[HTTP][39m [90m[39m
[35m[HTTP][39m [37m-->[39m [37mPOST[39m [37m/wd/hub/session/02aed906-b872-4c3d-bf6f-3af3a5cfa07b/elements[39m
[35m[HTTP][39m [90m{"using":"accessibility id","value":"Transaksi"}[39m
[35m[HTTP][39m [37m<-- POST /wd/hub/session/02aed906-b872-4c3d-bf6f-3af3a5cfa07b/elements [39m[32m200[39m [90m1024 ms - 139[39m
[35m[HTTP][39m [90m[39m
[35m[HTTP][39m [37m-->[39m [37mGET[39m [37m/wd/hub/session/02aed906-b872-4c3d-bf6f-3af3a5cfa07b/element/8ff51e10-dcb0-4272-a0e6-c8bdf9408b42/location[39m
[35m[HTTP][39m [90m{}[39m
[35m[W3C (02aed906)][39m Driver proxy active, passing request on via HTTP proxy
[35m[WD Proxy][39m Replacing sessionId ecf85d56-2f8c-40c8-902e-609655a966dc with 02aed906-b872-4c3d-bf6f-3af3a5cfa07b
[35m[HTTP][39m [37m<-- GET /wd/hub/session/02aed906-b872-4c3d-bf6f-3af3a5cfa07b/element/8ff51e10-dcb0-4272-a0e6-c8bdf9408b42/location [39m[32m200[39m [90m34 ms - 79[39m
[35m[HTTP][39m [90m[39m
[35m[HTTP][39m [37m-->[39m [37mPOST[39m [37m/wd/hub/session/02aed906-b872-4c3d-bf6f-3af3a5cfa07b/timeouts[39m
[35m[HTTP][39m [90m{"implicit":30000}[39m
[35m[HTTP][39m [37m<-- POST /wd/hub/session/02aed906-b872-4c3d-bf6f-3af3a5cfa07b/timeouts [39m[32m200[39m [90m1 ms - 14[39m
[35m[HTTP][39m [90m[39m
[35m[HTTP][39m [37m-->[39m [37mPOST[39m [37m/wd/hub/session/02aed906-b872-4c3d-bf6f-3af3a5cfa07b/touch/perform[39m
[35m[HTTP][39m [90m{"actions":[{"action":"tap","options":{"x":1,"y":1,"element":"8ff51e10-dcb0-4272-a0e6-c8bdf9408b42"}},{"action":"release","options":{}}]}[39m
[35m[UiAutomator2][39m calling get location: 8ff51e10-dcb0-4272-a0e6-c8bdf9408b42
[35m[HTTP][39m [37m<-- POST /wd/hub/session/02aed906-b872-4c3d-bf6f-3af3a5cfa07b/touch/perform [39m[32m200[39m [90m233 ms - 14[39m
[35m[HTTP][39m [90m[39m
[35m[HTTP][39m [37m-->[39m [37mPOST[39m [37m/wd/hub/session/02aed906-b872-4c3d-bf6f-3af3a5cfa07b/timeouts[39m
[35m[HTTP][39m [90m{"implicit":50}[39m
[35m[HTTP][39m [37m<-- POST /wd/hub/session/02aed906-b872-4c3d-bf6f-3af3a5cfa07b/timeouts [39m[32m200[39m [90m1 ms - 14[39m
[35m[HTTP][39m [90m[39m
[35m[HTTP][39m [37m-->[39m [37mGET[39m [37m/wd/hub/session/02aed906-b872-4c3d-bf6f-3af3a5cfa07b/window/rect[39m
[35m[HTTP][39m [90m{}[39m
[35m[HTTP][39m [37m<-- GET /wd/hub/session/02aed906-b872-4c3d-bf6f-3af3a5cfa07b/window/rect [39m[32m200[39m [90m29 ms - 50[39m
[35m[HTTP][39m [90m[39m
[35m[HTTP][39m [37m-->[39m [37mPOST[39m [37m/wd/hub/session/02aed906-b872-4c3d-bf6f-3af3a5cfa07b/elements[39m
[35m[HTTP][39m [90m{"using":"-android uiautomator","value":"new UiSelector().className(\"android.widget.TextView\").text(\"Transaksi\").packageName(\"evermos.evermos.com.evermos\").enabled(true).clickable(false).longClickable(false).checkable(false).checked(false).focusable(false).focused(false).scrollable(false).selected(false).index(0)"}[39m
[35m[HTTP][39m [37m<-- POST /wd/hub/session/02aed906-b872-4c3d-bf6f-3af3a5cfa07b/elements [39m[32m200[39m [90m715 ms - 139[39m
[35m[HTTP][39m [90m[39m
[35m[HTTP][39m [37m-->[39m [37mGET[39m [37m/wd/hub/session/02aed906-b872-4c3d-bf6f-3af3a5cfa07b/element/4ca1683e-b0de-4862-9789-68e0596a26f5/location[39m
[35m[HTTP][39m [90m{}[39m
[35m[W3C (02aed906)][39m Driver proxy active, passing request on via HTTP proxy
[35m[WD Proxy][39m Replacing sessionId ecf85d56-2f8c-40c8-902e-609655a966dc with 02aed906-b872-4c3d-bf6f-3af3a5cfa07b
[35m[HTTP][39m [37m<-- GET /wd/hub/session/02aed906-b872-4c3d-bf6f-3af3a5cfa07b/element/4ca1683e-b0de-4862-9789-68e0596a26f5/location [39m[32m200[39m [90m83 ms - 78[39m
[35m[HTTP][39m [90m[39m
[35m[HTTP][39m [37m-->[39m [37mPOST[39m [37m/wd/hub/session/02aed906-b872-4c3d-bf6f-3af3a5cfa07b/timeouts[39m
[35m[HTTP][39m [90m{"implicit":30000}[39m
[35m[HTTP][39m [37m<-- POST /wd/hub/session/02aed906-b872-4c3d-bf6f-3af3a5cfa07b/timeouts [39m[32m200[39m [90m1 ms - 14[39m
[35m[HTTP][39m [90m[39m
[35m[HTTP][39m [37m-->[39m [37mPOST[39m [37m/wd/hub/session/02aed906-b872-4c3d-bf6f-3af3a5cfa07b/timeouts[39m
[35m[HTTP][39m [90m{"implicit":50}[39m
[35m[HTTP][39m [37m<-- POST /wd/hub/session/02aed906-b872-4c3d-bf6f-3af3a5cfa07b/timeouts [39m[32m200[39m [90m1 ms - 14[39m
[35m[HTTP][39m [90m[39m
[35m[HTTP][39m [37m-->[39m [37mGET[39m [37m/wd/hub/session/02aed906-b872-4c3d-bf6f-3af3a5cfa07b/window/rect[39m
[35m[HTTP][39m [90m{}[39m
[35m[HTTP][39m [37m<-- GET /wd/hub/session/02aed906-b872-4c3d-bf6f-3af3a5cfa07b/window/rect [39m[32m200[39m [90m36 ms - 50[39m
[35m[HTTP][39m [90m[39m
[35m[HTTP][39m [37m-->[39m [37mPOST[39m [37m/wd/hub/session/02aed906-b872-4c3d-bf6f-3af3a5cfa07b/elements[39m
[35m[HTTP][39m [90m{"using":"-android uiautomator","value":"new UiSelector().className(\"android.widget.TextView\").text(\"Poin Saya\").packageName(\"evermos.evermos.com.evermos\").enabled(true).clickable(false).longClickable(false).checkable(false).checked(false).focusable(false).focused(false).scrollable(false).selected(false).index(0)"}[39m
[35m[HTTP][39m [37m<-- POST /wd/hub/session/02aed906-b872-4c3d-bf6f-3af3a5cfa07b/elements [39m[32m200[39m [90m755 ms - 139[39m
[35m[HTTP][39m [90m[39m
[35m[HTTP][39m [37m-->[39m [37mGET[39m [37m/wd/hub/session/02aed906-b872-4c3d-bf6f-3af3a5cfa07b/element/69dce73e-190d-4db4-9594-37852c6d9aae/location[39m
[35m[HTTP][39m [90m{}[39m
[35m[W3C (02aed906)][39m Driver proxy active, passing request on via HTTP proxy
[35m[WD Proxy][39m Replacing sessionId ecf85d56-2f8c-40c8-902e-609655a966dc with 02aed906-b872-4c3d-bf6f-3af3a5cfa07b
[35m[HTTP][39m [37m<-- GET /wd/hub/session/02aed906-b872-4c3d-bf6f-3af3a5cfa07b/element/69dce73e-190d-4db4-9594-37852c6d9aae/location [39m[32m200[39m [90m55 ms - 78[39m
[35m[HTTP][39m [90m[39m
[35m[HTTP][39m [37m-->[39m [37mPOST[39m [37m/wd/hub/session/02aed906-b872-4c3d-bf6f-3af3a5cfa07b/timeouts[39m
[35m[HTTP][39m [90m{"implicit":30000}[39m
[35m[HTTP][39m [37m<-- POST /wd/hub/session/02aed906-b872-4c3d-bf6f-3af3a5cfa07b/timeouts [39m[32m200[39m [90m1 ms - 14[39m
[35m[HTTP][39m [90m[39m
[35m[HTTP][39m [37m-->[39m [37mPOST[39m [37m/wd/hub/session/02aed906-b872-4c3d-bf6f-3af3a5cfa07b/touch/perform[39m
[35m[HTTP][39m [90m{"actions":[{"action":"tap","options":{"x":1,"y":1,"element":"69dce73e-190d-4db4-9594-37852c6d9aae"}},{"action":"release","options":{}}]}[39m
[35m[UiAutomator2][39m calling get location: 69dce73e-190d-4db4-9594-37852c6d9aae
[35m[HTTP][39m [37m<-- POST /wd/hub/session/02aed906-b872-4c3d-bf6f-3af3a5cfa07b/touch/perform [39m[32m200[39m [90m803 ms - 14[39m
[35m[HTTP][39m [90m[39m
[35m[HTTP][39m [37m-->[39m [37mPOST[39m [37m/wd/hub/session/02aed906-b872-4c3d-bf6f-3af3a5cfa07b/timeouts[39m
[35m[HTTP][39m [90m{"implicit":50}[39m
[35m[HTTP][39m [37m<-- POST /wd/hub/session/02aed906-b872-4c3d-bf6f-3af3a5cfa07b/timeouts [39m[32m200[39m [90m1 ms - 14[39m
[35m[HTTP][39m [90m[39m
[35m[HTTP][39m [37m-->[39m [37mGET[39m [37m/wd/hub/session/02aed906-b872-4c3d-bf6f-3af3a5cfa07b/window/rect[39m
[35m[HTTP][39m [90m{}[39m
[35m[HTTP][39m [37m<-- GET /wd/hub/session/02aed906-b872-4c3d-bf6f-3af3a5cfa07b/window/rect [39m[32m200[39m [90m21 ms - 50[39m
[35m[HTTP][39m [90m[39m
[35m[HTTP][39m [37m-->[39m [37mPOST[39m [37m/wd/hub/session/02aed906-b872-4c3d-bf6f-3af3a5cfa07b/elements[39m
[35m[HTTP][39m [90m{"using":"id","value":"evermos.evermos.com.evermos:id/positive_btn"}[39m
[35m[HTTP][39m [37m<-- POST /wd/hub/session/02aed906-b872-4c3d-bf6f-3af3a5cfa07b/elements [39m[32m200[39m [90m29 ms - 139[39m
[35m[HTTP][39m [90m[39m
[35m[HTTP][39m [37m-->[39m [37mGET[39m [37m/wd/hub/session/02aed906-b872-4c3d-bf6f-3af3a5cfa07b/element/469d5f28-6a08-409c-9764-d5b6cbfc4771/location[39m
[35m[HTTP][39m [90m{}[39m
[35m[W3C (02aed906)][39m Driver proxy active, passing request on via HTTP proxy
[35m[WD Proxy][39m Replacing sessionId ecf85d56-2f8c-40c8-902e-609655a966dc with 02aed906-b872-4c3d-bf6f-3af3a5cfa07b
[35m[HTTP][39m [37m<-- GET /wd/hub/session/02aed906-b872-4c3d-bf6f-3af3a5cfa07b/element/469d5f28-6a08-409c-9764-d5b6cbfc4771/location [39m[32m200[39m [90m24 ms - 79[39m
[35m[HTTP][39m [90m[39m
[35m[HTTP][39m [37m-->[39m [37mPOST[39m [37m/wd/hub/session/02aed906-b872-4c3d-bf6f-3af3a5cfa07b/timeouts[39m
[35m[HTTP][39m [90m{"implicit":30000}[39m
[35m[HTTP][39m [37m<-- POST /wd/hub/session/02aed906-b872-4c3d-bf6f-3af3a5cfa07b/timeouts [39m[32m200[39m [90m2 ms - 14[39m
[35m[HTTP][39m [90m[39m
[35m[HTTP][39m [37m-->[39m [37mPOST[39m [37m/wd/hub/session/02aed906-b872-4c3d-bf6f-3af3a5cfa07b/touch/perform[39m
[35m[HTTP][39m [90m{"actions":[{"action":"tap","options":{"x":1,"y":1,"element":"469d5f28-6a08-409c-9764-d5b6cbfc4771"}},{"action":"release","options":{}}]}[39m
[35m[UiAutomator2][39m calling get location: 469d5f28-6a08-409c-9764-d5b6cbfc4771
[35m[HTTP][39m [37m<-- POST /wd/hub/session/02aed906-b872-4c3d-bf6f-3af3a5cfa07b/touch/perform [39m[32m200[39m [90m244 ms - 14[39m
[35m[HTTP][39m [90m[39m
[35m[HTTP][39m [37m-->[39m [37mPOST[39m [37m/wd/hub/session/02aed906-b872-4c3d-bf6f-3af3a5cfa07b/timeouts[39m
[35m[HTTP][39m [90m{"implicit":50}[39m
[35m[HTTP][39m [37m<-- POST /wd/hub/session/02aed906-b872-4c3d-bf6f-3af3a5cfa07b/timeouts [39m[32m200[39m [90m1 ms - 14[39m
[35m[HTTP][39m [90m[39m
[35m[HTTP][39m [37m-->[39m [37mGET[39m [37m/wd/hub/session/02aed906-b872-4c3d-bf6f-3af3a5cfa07b/window/rect[39m
[35m[HTTP][39m [90m{}[39m
[35m[HTTP][39m [37m<-- GET /wd/hub/session/02aed906-b872-4c3d-bf6f-3af3a5cfa07b/window/rect [39m[32m200[39m [90m35 ms - 50[39m
[35m[HTTP][39m [90m[39m
[35m[HTTP][39m [37m-->[39m [37mPOST[39m [37m/wd/hub/session/02aed906-b872-4c3d-bf6f-3af3a5cfa07b/elements[39m
[35m[HTTP][39m [90m{"using":"id","value":"evermos.evermos.com.evermos:id/text_transaction_history"}[39m
[35m[HTTP][39m [37m<-- POST /wd/hub/session/02aed906-b872-4c3d-bf6f-3af3a5cfa07b/elements [39m[32m200[39m [90m552 ms - 139[39m
[35m[HTTP][39m [90m[39m
[35m[HTTP][39m [37m-->[39m [37mGET[39m [37m/wd/hub/session/02aed906-b872-4c3d-bf6f-3af3a5cfa07b/element/92aead0c-a1ee-43c5-94cd-d8d16f695709/location[39m
[35m[HTTP][39m [90m{}[39m
[35m[W3C (02aed906)][39m Driver proxy active, passing request on via HTTP proxy
[35m[WD Proxy][39m Replacing sessionId ecf85d56-2f8c-40c8-902e-609655a966dc with 02aed906-b872-4c3d-bf6f-3af3a5cfa07b
[35m[HTTP][39m [37m<-- GET /wd/hub/session/02aed906-b872-4c3d-bf6f-3af3a5cfa07b/element/92aead0c-a1ee-43c5-94cd-d8d16f695709/location [39m[32m200[39m [90m48 ms - 78[39m
[35m[HTTP][39m [90m[39m
[35m[HTTP][39m [37m-->[39m [37mPOST[39m [37m/wd/hub/session/02aed906-b872-4c3d-bf6f-3af3a5cfa07b/timeouts[39m
[35m[HTTP][39m [90m{"implicit":30000}[39m
[35m[HTTP][39m [37m<-- POST /wd/hub/session/02aed906-b872-4c3d-bf6f-3af3a5cfa07b/timeouts [39m[32m200[39m [90m1 ms - 14[39m
[35m[HTTP][39m [90m[39m
[35m[HTTP][39m [37m-->[39m [37mPOST[39m [37m/wd/hub/session/02aed906-b872-4c3d-bf6f-3af3a5cfa07b/touch/perform[39m
[35m[HTTP][39m [90m{"actions":[{"action":"tap","options":{"x":1,"y":1,"element":"92aead0c-a1ee-43c5-94cd-d8d16f695709"}},{"action":"release","options":{}}]}[39m
[35m[UiAutomator2][39m calling get location: 92aead0c-a1ee-43c5-94cd-d8d16f695709
[35m[HTTP][39m [37m<-- POST /wd/hub/session/02aed906-b872-4c3d-bf6f-3af3a5cfa07b/touch/perform [39m[32m200[39m [90m999 ms - 14[39m
[35m[HTTP][39m [90m[39m
[35m[HTTP][39m [37m-->[39m [37mPOST[39m [37m/wd/hub/session/02aed906-b872-4c3d-bf6f-3af3a5cfa07b/timeouts[39m
[35m[HTTP][39m [90m{"implicit":50}[39m
[35m[HTTP][39m [37m<-- POST /wd/hub/session/02aed906-b872-4c3d-bf6f-3af3a5cfa07b/timeouts [39m[32m200[39m [90m1 ms - 14[39m
[35m[HTTP][39m [90m[39m
[35m[HTTP][39m [37m-->[39m [37mGET[39m [37m/wd/hub/session/02aed906-b872-4c3d-bf6f-3af3a5cfa07b/window/rect[39m
[35m[HTTP][39m [90m{}[39m
[35m[HTTP][39m [37m<-- GET /wd/hub/session/02aed906-b872-4c3d-bf6f-3af3a5cfa07b/window/rect [39m[32m200[39m [90m22 ms - 50[39m
[35m[HTTP][39m [90m[39m
[35m[HTTP][39m [37m-->[39m [37mPOST[39m [37m/wd/hub/session/02aed906-b872-4c3d-bf6f-3af3a5cfa07b/elements[39m
[35m[HTTP][39m [90m{"using":"id","value":"evermos.evermos.com.evermos:id/text_empty"}[39m
[35m[HTTP][39m [37m<-- POST /wd/hub/session/02aed906-b872-4c3d-bf6f-3af3a5cfa07b/elements [39m[32m200[39m [90m39 ms - 139[39m
[35m[HTTP][39m [90m[39m
[35m[HTTP][39m [37m-->[39m [37mGET[39m [37m/wd/hub/session/02aed906-b872-4c3d-bf6f-3af3a5cfa07b/element/bde7f708-3e66-47c2-8097-140245367372/location[39m
[35m[HTTP][39m [90m{}[39m
[35m[W3C (02aed906)][39m Driver proxy active, passing request on via HTTP proxy
[35m[WD Proxy][39m Replacing sessionId ecf85d56-2f8c-40c8-902e-609655a966dc with 02aed906-b872-4c3d-bf6f-3af3a5cfa07b
[35m[HTTP][39m [37m<-- GET /wd/hub/session/02aed906-b872-4c3d-bf6f-3af3a5cfa07b/element/bde7f708-3e66-47c2-8097-140245367372/location [39m[32m200[39m [90m42 ms - 76[39m
[35m[HTTP][39m [90m[39m
[35m[HTTP][39m [37m-->[39m [37mPOST[39m [37m/wd/hub/session/02aed906-b872-4c3d-bf6f-3af3a5cfa07b/timeouts[39m
[35m[HTTP][39m [90m{"implicit":30000}[39m
[35m[HTTP][39m [37m<-- POST /wd/hub/session/02aed906-b872-4c3d-bf6f-3af3a5cfa07b/timeouts [39m[32m200[39m [90m1 ms - 14[39m
[35m[HTTP][39m [90m[39m
[35m[HTTP][39m [37m-->[39m [37mPOST[39m [37m/wd/hub/session/02aed906-b872-4c3d-bf6f-3af3a5cfa07b/timeouts[39m
[35m[HTTP][39m [90m{"implicit":50}[39m
[35m[HTTP][39m [37m<-- POST /wd/hub/session/02aed906-b872-4c3d-bf6f-3af3a5cfa07b/timeouts [39m[32m200[39m [90m4 ms - 14[39m
[35m[HTTP][39m [90m[39m
[35m[HTTP][39m [37m-->[39m [37mGET[39m [37m/wd/hub/session/02aed906-b872-4c3d-bf6f-3af3a5cfa07b/window/rect[39m
[35m[HTTP][39m [90m{}[39m
[35m[HTTP][39m [37m<-- GET /wd/hub/session/02aed906-b872-4c3d-bf6f-3af3a5cfa07b/window/rect [39m[32m200[39m [90m32 ms - 50[39m
[35m[HTTP][39m [90m[39m
[35m[HTTP][39m [37m-->[39m [37mPOST[39m [37m/wd/hub/session/02aed906-b872-4c3d-bf6f-3af3a5cfa07b/elements[39m
[35m[HTTP][39m [90m{"using":"accessibility id","value":"Navigate up"}[39m
[35m[HTTP][39m [37m<-- POST /wd/hub/session/02aed906-b872-4c3d-bf6f-3af3a5cfa07b/elements [39m[32m200[39m [90m44 ms - 139[39m
[35m[HTTP][39m [90m[39m
[35m[HTTP][39m [37m-->[39m [37mGET[39m [37m/wd/hub/session/02aed906-b872-4c3d-bf6f-3af3a5cfa07b/element/eab0191c-ed59-49d4-a5b5-c2bc9d160b4a/location[39m
[35m[HTTP][39m [90m{}[39m
[35m[W3C (02aed906)][39m Driver proxy active, passing request on via HTTP proxy
[35m[WD Proxy][39m Replacing sessionId ecf85d56-2f8c-40c8-902e-609655a966dc with 02aed906-b872-4c3d-bf6f-3af3a5cfa07b
[35m[HTTP][39m [37m<-- GET /wd/hub/session/02aed906-b872-4c3d-bf6f-3af3a5cfa07b/element/eab0191c-ed59-49d4-a5b5-c2bc9d160b4a/location [39m[32m200[39m [90m34 ms - 76[39m
[35m[HTTP][39m [90m[39m
[35m[HTTP][39m [37m-->[39m [37mPOST[39m [37m/wd/hub/session/02aed906-b872-4c3d-bf6f-3af3a5cfa07b/timeouts[39m
[35m[HTTP][39m [90m{"implicit":30000}[39m
[35m[HTTP][39m [37m<-- POST /wd/hub/session/02aed906-b872-4c3d-bf6f-3af3a5cfa07b/timeouts [39m[32m200[39m [90m1 ms - 14[39m
[35m[HTTP][39m [90m[39m
[35m[HTTP][39m [37m-->[39m [37mPOST[39m [37m/wd/hub/session/02aed906-b872-4c3d-bf6f-3af3a5cfa07b/touch/perform[39m
[35m[HTTP][39m [90m{"actions":[{"action":"tap","options":{"x":1,"y":1,"element":"eab0191c-ed59-49d4-a5b5-c2bc9d160b4a"}},{"action":"release","options":{}}]}[39m
[35m[UiAutomator2][39m calling get location: eab0191c-ed59-49d4-a5b5-c2bc9d160b4a
[35m[HTTP][39m [37m<-- POST /wd/hub/session/02aed906-b872-4c3d-bf6f-3af3a5cfa07b/touch/perform [39m[32m200[39m [90m196 ms - 14[39m
[35m[HTTP][39m [90m[39m
[35m[HTTP][39m [37m-->[39m [37mPOST[39m [37m/wd/hub/session/02aed906-b872-4c3d-bf6f-3af3a5cfa07b/timeouts[39m
[35m[HTTP][39m [90m{"implicit":50}[39m
[35m[HTTP][39m [37m<-- POST /wd/hub/session/02aed906-b872-4c3d-bf6f-3af3a5cfa07b/timeouts [39m[32m200[39m [90m1 ms - 14[39m
[35m[HTTP][39m [90m[39m
[35m[HTTP][39m [37m-->[39m [37mGET[39m [37m/wd/hub/session/02aed906-b872-4c3d-bf6f-3af3a5cfa07b/window/rect[39m
[35m[HTTP][39m [90m{}[39m
[35m[HTTP][39m [37m<-- GET /wd/hub/session/02aed906-b872-4c3d-bf6f-3af3a5cfa07b/window/rect [39m[32m200[39m [90m22 ms - 50[39m
[35m[HTTP][39m [90m[39m
[35m[HTTP][39m [37m-->[39m [37mPOST[39m [37m/wd/hub/session/02aed906-b872-4c3d-bf6f-3af3a5cfa07b/elements[39m
[35m[HTTP][39m [90m{"using":"id","value":"evermos.evermos.com.evermos:id/title_evermos"}[39m
[35m[HTTP][39m [37m<-- POST /wd/hub/session/02aed906-b872-4c3d-bf6f-3af3a5cfa07b/elements [39m[32m200[39m [90m1267 ms - 139[39m
[35m[HTTP][39m [90m[39m
[35m[HTTP][39m [37m-->[39m [37mGET[39m [37m/wd/hub/session/02aed906-b872-4c3d-bf6f-3af3a5cfa07b/element/6fa50535-b545-4aa4-97d9-d6f7eb40efdd/location[39m
[35m[HTTP][39m [90m{}[39m
[35m[W3C (02aed906)][39m Driver proxy active, passing request on via HTTP proxy
[35m[WD Proxy][39m Replacing sessionId ecf85d56-2f8c-40c8-902e-609655a966dc with 02aed906-b872-4c3d-bf6f-3af3a5cfa07b
[35m[HTTP][39m [37m<-- GET /wd/hub/session/02aed906-b872-4c3d-bf6f-3af3a5cfa07b/element/6fa50535-b545-4aa4-97d9-d6f7eb40efdd/location [39m[32m200[39m [90m67 ms - 79[39m
[35m[HTTP][39m [90m[39m
[35m[HTTP][39m [37m-->[39m [37mPOST[39m [37m/wd/hub/session/02aed906-b872-4c3d-bf6f-3af3a5cfa07b/timeouts[39m
[35m[HTTP][39m [90m{"implicit":30000}[39m
[35m[HTTP][39m [37m<-- POST /wd/hub/session/02aed906-b872-4c3d-bf6f-3af3a5cfa07b/timeouts [39m[32m200[39m [90m1 ms - 14[39m
[35m[HTTP][39m [90m[39m
[35m[HTTP][39m [37m-->[39m [37mPOST[39m [37m/wd/hub/session/02aed906-b872-4c3d-bf6f-3af3a5cfa07b/touch/perform[39m
[35m[HTTP][39m [90m{"actions":[{"action":"tap","options":{"x":1,"y":1,"element":"6fa50535-b545-4aa4-97d9-d6f7eb40efdd"}},{"action":"release","options":{}}]}[39m
[35m[UiAutomator2][39m calling get location: 6fa50535-b545-4aa4-97d9-d6f7eb40efdd
[35m[HTTP][39m [37m<-- POST /wd/hub/session/02aed906-b872-4c3d-bf6f-3af3a5cfa07b/touch/perform [39m[32m200[39m [90m896 ms - 14[39m
[35m[HTTP][39m [90m[39m
[35m[HTTP][39m [37m-->[39m [37mPOST[39m [37m/wd/hub/session/02aed906-b872-4c3d-bf6f-3af3a5cfa07b/timeouts[39m
[35m[HTTP][39m [90m{"implicit":50}[39m
[35m[HTTP][39m [37m<-- POST /wd/hub/session/02aed906-b872-4c3d-bf6f-3af3a5cfa07b/timeouts [39m[32m200[39m [90m1 ms - 14[39m
[35m[HTTP][39m [90m[39m
[35m[HTTP][39m [37m-->[39m [37mGET[39m [37m/wd/hub/session/02aed906-b872-4c3d-bf6f-3af3a5cfa07b/window/rect[39m
[35m[HTTP][39m [90m{}[39m
[35m[HTTP][39m [37m<-- GET /wd/hub/session/02aed906-b872-4c3d-bf6f-3af3a5cfa07b/window/rect [39m[32m200[39m [90m17 ms - 50[39m
[35m[HTTP][39m [90m[39m
[35m[HTTP][39m [37m-->[39m [37mPOST[39m [37m/wd/hub/session/02aed906-b872-4c3d-bf6f-3af3a5cfa07b/elements[39m
[35m[HTTP][39m [90m{"using":"xpath","value":"//hierarchy/android.widget.FrameLayout[1]/android.widget.LinearLayout[1]/android.widget.FrameLayout[1]/android.widget.LinearLayout[1]/android.widget.FrameLayout[1]/android.widget.LinearLayout[1]/androidx.viewpager.widget.ViewPager[1]/android.view.ViewGroup[1]/android.widget.RelativeLayout[1]/androidx.recyclerview.widget.RecyclerView[1]/android.widget.LinearLayout[1]/android.widget.LinearLayout[1]/android.widget.LinearLayout[1]/android.widget.LinearLayout[1]/android.widget.TextView[1]"}[39m
[35m[HTTP][39m [37m<-- POST /wd/hub/session/02aed906-b872-4c3d-bf6f-3af3a5cfa07b/elements [39m[32m200[39m [90m78 ms - 12[39m
[35m[HTTP][39m [90m[39m
[35m[HTTP][39m [37m-->[39m [37mPOST[39m [37m/wd/hub/session/02aed906-b872-4c3d-bf6f-3af3a5cfa07b/elements[39m
[35m[HTTP][39m [90m{"using":"xpath","value":"//hierarchy/android.widget.FrameLayout[1]/android.widget.LinearLayout[1]/android.widget.FrameLayout[1]/android.widget.LinearLayout[1]/android.widget.FrameLayout[1]/android.widget.LinearLayout[1]/androidx.viewpager.widget.ViewPager[1]/android.view.ViewGroup[1]/android.widget.RelativeLayout[1]/androidx.recyclerview.widget.RecyclerView[1]/android.widget.LinearLayout[1]/android.widget.LinearLayout[1]/android.widget.LinearLayout[1]/android.widget.LinearLayout[1]/android.widget.TextView[1]"}[39m
[35m[HTTP][39m [37m<-- POST /wd/hub/session/02aed906-b872-4c3d-bf6f-3af3a5cfa07b/elements [39m[32m200[39m [90m1713 ms - 139[39m
[35m[HTTP][39m [90m[39m
[35m[HTTP][39m [37m-->[39m [37mGET[39m [37m/wd/hub/session/02aed906-b872-4c3d-bf6f-3af3a5cfa07b/element/c7303305-1306-4fab-8e36-ec23bb17962d/location[39m
[35m[HTTP][39m [90m{}[39m
[35m[W3C (02aed906)][39m Driver proxy active, passing request on via HTTP proxy
[35m[WD Proxy][39m Replacing sessionId ecf85d56-2f8c-40c8-902e-609655a966dc with 02aed906-b872-4c3d-bf6f-3af3a5cfa07b
[35m[HTTP][39m [37m<-- GET /wd/hub/session/02aed906-b872-4c3d-bf6f-3af3a5cfa07b/element/c7303305-1306-4fab-8e36-ec23bb17962d/location [39m[32m200[39m [90m207 ms - 77[39m
[35m[HTTP][39m [90m[39m
[35m[HTTP][39m [37m-->[39m [37mPOST[39m [37m/wd/hub/session/02aed906-b872-4c3d-bf6f-3af3a5cfa07b/timeouts[39m
[35m[HTTP][39m [90m{"implicit":30000}[39m
[35m[HTTP][39m [37m<-- POST /wd/hub/session/02aed906-b872-4c3d-bf6f-3af3a5cfa07b/timeouts [39m[32m200[39m [90m1 ms - 14[39m
[35m[HTTP][39m [90m[39m
[35m[HTTP][39m [37m-->[39m [37mPOST[39m [37m/wd/hub/session/02aed906-b872-4c3d-bf6f-3af3a5cfa07b/timeouts[39m
[35m[HTTP][39m [90m{"implicit":50}[39m
[35m[HTTP][39m [37m<-- POST /wd/hub/session/02aed906-b872-4c3d-bf6f-3af3a5cfa07b/timeouts [39m[32m200[39m [90m2 ms - 14[39m
[35m[HTTP][39m [90m[39m
[35m[HTTP][39m [37m-->[39m [37mGET[39m [37m/wd/hub/session/02aed906-b872-4c3d-bf6f-3af3a5cfa07b/window/rect[39m
[35m[HTTP][39m [90m{}[39m
[35m[HTTP][39m [37m<-- GET /wd/hub/session/02aed906-b872-4c3d-bf6f-3af3a5cfa07b/window/rect [39m[32m200[39m [90m29 ms - 50[39m
[35m[HTTP][39m [90m[39m
[35m[HTTP][39m [37m-->[39m [37mPOST[39m [37m/wd/hub/session/02aed906-b872-4c3d-bf6f-3af3a5cfa07b/elements[39m
[35m[HTTP][39m [90m{"using":"accessibility id","value":"Navigate up"}[39m
[35m[HTTP][39m [37m<-- POST /wd/hub/session/02aed906-b872-4c3d-bf6f-3af3a5cfa07b/elements [39m[32m200[39m [90m136 ms - 139[39m
[35m[HTTP][39m [90m[39m
[35m[HTTP][39m [37m-->[39m [37mGET[39m [37m/wd/hub/session/02aed906-b872-4c3d-bf6f-3af3a5cfa07b/element/faaacd55-9294-46b9-83e2-dff33af63300/location[39m
[35m[HTTP][39m [90m{}[39m
[35m[W3C (02aed906)][39m Driver proxy active, passing request on via HTTP proxy
[35m[WD Proxy][39m Replacing sessionId ecf85d56-2f8c-40c8-902e-609655a966dc with 02aed906-b872-4c3d-bf6f-3af3a5cfa07b
[35m[HTTP][39m [37m<-- GET /wd/hub/session/02aed906-b872-4c3d-bf6f-3af3a5cfa07b/element/faaacd55-9294-46b9-83e2-dff33af63300/location [39m[32m200[39m [90m30 ms - 76[39m
[35m[HTTP][39m [90m[39m
[35m[HTTP][39m [37m-->[39m [37mPOST[39m [37m/wd/hub/session/02aed906-b872-4c3d-bf6f-3af3a5cfa07b/timeouts[39m
[35m[HTTP][39m [90m{"implicit":30000}[39m
[35m[HTTP][39m [37m<-- POST /wd/hub/session/02aed906-b872-4c3d-bf6f-3af3a5cfa07b/timeouts [39m[32m200[39m [90m1 ms - 14[39m
[35m[HTTP][39m [90m[39m
[35m[HTTP][39m [37m-->[39m [37mPOST[39m [37m/wd/hub/session/02aed906-b872-4c3d-bf6f-3af3a5cfa07b/touch/perform[39m
[35m[HTTP][39m [90m{"actions":[{"action":"tap","options":{"x":1,"y":1,"element":"faaacd55-9294-46b9-83e2-dff33af63300"}},{"action":"release","options":{}}]}[39m
[35m[UiAutomator2][39m calling get location: faaacd55-9294-46b9-83e2-dff33af63300
[35m[HTTP][39m [37m<-- POST /wd/hub/session/02aed906-b872-4c3d-bf6f-3af3a5cfa07b/touch/perform [39m[32m200[39m [90m1431 ms - 14[39m
[35m[HTTP][39m [90m[39m
[35m[HTTP][39m [37m-->[39m [37mPOST[39m [37m/wd/hub/session/02aed906-b872-4c3d-bf6f-3af3a5cfa07b/timeouts[39m
[35m[HTTP][39m [90m{"implicit":50}[39m
[35m[HTTP][39m [37m<-- POST /wd/hub/session/02aed906-b872-4c3d-bf6f-3af3a5cfa07b/timeouts [39m[32m200[39m [90m1 ms - 14[39m
[35m[HTTP][39m [90m[39m
[35m[HTTP][39m [37m-->[39m [37mGET[39m [37m/wd/hub/session/02aed906-b872-4c3d-bf6f-3af3a5cfa07b/window/rect[39m
[35m[HTTP][39m [90m{}[39m
[35m[HTTP][39m [37m<-- GET /wd/hub/session/02aed906-b872-4c3d-bf6f-3af3a5cfa07b/window/rect [39m[32m200[39m [90m34 ms - 50[39m
[35m[HTTP][39m [90m[39m
[35m[HTTP][39m [37m-->[39m [37mPOST[39m [37m/wd/hub/session/02aed906-b872-4c3d-bf6f-3af3a5cfa07b/elements[39m
[35m[HTTP][39m [90m{"using":"accessibility id","value":"Akun"}[39m
[35m[HTTP][39m [37m<-- POST /wd/hub/session/02aed906-b872-4c3d-bf6f-3af3a5cfa07b/elements [39m[32m200[39m [90m573 ms - 139[39m
[35m[HTTP][39m [90m[39m
[35m[HTTP][39m [37m-->[39m [37mGET[39m [37m/wd/hub/session/02aed906-b872-4c3d-bf6f-3af3a5cfa07b/element/9855f05d-3c59-4d9f-969b-28c9470eb428/location[39m
[35m[HTTP][39m [90m{}[39m
[35m[W3C (02aed906)][39m Driver proxy active, passing request on via HTTP proxy
[35m[WD Proxy][39m Replacing sessionId ecf85d56-2f8c-40c8-902e-609655a966dc with 02aed906-b872-4c3d-bf6f-3af3a5cfa07b
[35m[HTTP][39m [37m<-- GET /wd/hub/session/02aed906-b872-4c3d-bf6f-3af3a5cfa07b/element/9855f05d-3c59-4d9f-969b-28c9470eb428/location [39m[32m200[39m [90m33 ms - 79[39m
[35m[HTTP][39m [90m[39m
[35m[HTTP][39m [37m-->[39m [37mPOST[39m [37m/wd/hub/session/02aed906-b872-4c3d-bf6f-3af3a5cfa07b/timeouts[39m
[35m[HTTP][39m [90m{"implicit":30000}[39m
[35m[HTTP][39m [37m<-- POST /wd/hub/session/02aed906-b872-4c3d-bf6f-3af3a5cfa07b/timeouts [39m[32m200[39m [90m1 ms - 14[39m
[35m[HTTP][39m [90m[39m
[35m[HTTP][39m [37m-->[39m [37mPOST[39m [37m/wd/hub/session/02aed906-b872-4c3d-bf6f-3af3a5cfa07b/touch/perform[39m
[35m[HTTP][39m [90m{"actions":[{"action":"tap","options":{"x":1,"y":1,"element":"9855f05d-3c59-4d9f-969b-28c9470eb428"}},{"action":"release","options":{}}]}[39m
[35m[UiAutomator2][39m calling get location: 9855f05d-3c59-4d9f-969b-28c9470eb428
[35m[HTTP][39m [37m<-- POST /wd/hub/session/02aed906-b872-4c3d-bf6f-3af3a5cfa07b/touch/perform [39m[32m200[39m [90m222 ms - 14[39m
[35m[HTTP][39m [90m[39m
[35m[HTTP][39m [37m-->[39m [37mPOST[39m [37m/wd/hub/session/02aed906-b872-4c3d-bf6f-3af3a5cfa07b/timeouts[39m
[35m[HTTP][39m [90m{"implicit":50}[39m
[35m[HTTP][39m [37m<-- POST /wd/hub/session/02aed906-b872-4c3d-bf6f-3af3a5cfa07b/timeouts [39m[32m200[39m [90m1 ms - 14[39m
[35m[HTTP][39m [90m[39m
[35m[HTTP][39m [37m-->[39m [37mGET[39m [37m/wd/hub/session/02aed906-b872-4c3d-bf6f-3af3a5cfa07b/window/rect[39m
[35m[HTTP][39m [90m{}[39m
[35m[HTTP][39m [37m<-- GET /wd/hub/session/02aed906-b872-4c3d-bf6f-3af3a5cfa07b/window/rect [39m[32m200[39m [90m27 ms - 50[39m
[35m[HTTP][39m [90m[39m
[35m[HTTP][39m [37m-->[39m [37mPOST[39m [37m/wd/hub/session/02aed906-b872-4c3d-bf6f-3af3a5cfa07b/elements[39m
[35m[HTTP][39m [90m{"using":"id","value":"evermos.evermos.com.evermos:id/text_full_name"}[39m
[35m[HTTP][39m [37m<-- POST /wd/hub/session/02aed906-b872-4c3d-bf6f-3af3a5cfa07b/elements [39m[32m200[39m [90m1045 ms - 139[39m
[35m[HTTP][39m [90m[39m
[35m[HTTP][39m [37m-->[39m [37mGET[39m [37m/wd/hub/session/02aed906-b872-4c3d-bf6f-3af3a5cfa07b/element/ababc24d-79fa-4760-8101-986411d79246/location[39m
[35m[HTTP][39m [90m{}[39m
[35m[W3C (02aed906)][39m Driver proxy active, passing request on via HTTP proxy
[35m[WD Proxy][39m Replacing sessionId ecf85d56-2f8c-40c8-902e-609655a966dc with 02aed906-b872-4c3d-bf6f-3af3a5cfa07b
[35m[HTTP][39m [37m<-- GET /wd/hub/session/02aed906-b872-4c3d-bf6f-3af3a5cfa07b/element/ababc24d-79fa-4760-8101-986411d79246/location [39m[32m200[39m [90m569 ms - 78[39m
[35m[HTTP][39m [90m[39m
[35m[HTTP][39m [37m-->[39m [37mPOST[39m [37m/wd/hub/session/02aed906-b872-4c3d-bf6f-3af3a5cfa07b/timeouts[39m
[35m[HTTP][39m [90m{"implicit":30000}[39m
[35m[HTTP][39m [37m<-- POST /wd/hub/session/02aed906-b872-4c3d-bf6f-3af3a5cfa07b/timeouts [39m[32m200[39m [90m1 ms - 14[39m
[35m[HTTP][39m [90m[39m
[35m[HTTP][39m [37m-->[39m [37mPOST[39m [37m/wd/hub/session/02aed906-b872-4c3d-bf6f-3af3a5cfa07b/timeouts[39m
[35m[HTTP][39m [90m{"implicit":50}[39m
[35m[HTTP][39m [37m<-- POST /wd/hub/session/02aed906-b872-4c3d-bf6f-3af3a5cfa07b/timeouts [39m[32m200[39m [90m1 ms - 14[39m
[35m[HTTP][39m [90m[39m
[35m[HTTP][39m [37m-->[39m [37mGET[39m [37m/wd/hub/session/02aed906-b872-4c3d-bf6f-3af3a5cfa07b/window/rect[39m
[35m[HTTP][39m [90m{}[39m
[35m[HTTP][39m [37m<-- GET /wd/hub/session/02aed906-b872-4c3d-bf6f-3af3a5cfa07b/window/rect [39m[32m200[39m [90m27 ms - 50[39m
[35m[HTTP][39m [90m[39m
[35m[HTTP][39m [37m-->[39m [37mPOST[39m [37m/wd/hub/session/02aed906-b872-4c3d-bf6f-3af3a5cfa07b/elements[39m
[35m[HTTP][39m [90m{"using":"-android uiautomator","value":"new UiSelector().className(\"android.widget.Button\").text(\"Keluar\").packageName(\"evermos.evermos.com.evermos\").enabled(true).clickable(true).longClickable(false).checkable(false).checked(false).focusable(true).focused(false).scrollable(false).selected(false).index(2)"}[39m
[35m[HTTP][39m [37m<-- POST /wd/hub/session/02aed906-b872-4c3d-bf6f-3af3a5cfa07b/elements [39m[32m200[39m [90m333 ms - 12[39m
[35m[HTTP][39m [90m[39m
[35m[HTTP][39m [37m-->[39m [37mPOST[39m [37m/wd/hub/session/02aed906-b872-4c3d-bf6f-3af3a5cfa07b/elements[39m
[35m[HTTP][39m [90m{"using":"-android uiautomator","value":"new UiSelector().className(\"android.widget.Button\").text(\"Keluar\").packageName(\"evermos.evermos.com.evermos\").enabled(true).clickable(true).longClickable(false).checkable(false).checked(false).focusable(true).focused(false).scrollable(false).selected(false).index(2)"}[39m
[35m[HTTP][39m [37m<-- POST /wd/hub/session/02aed906-b872-4c3d-bf6f-3af3a5cfa07b/elements [39m[32m200[39m [90m795 ms - 12[39m
[35m[HTTP][39m [90m[39m
[35m[HTTP][39m [37m-->[39m [37mPOST[39m [37m/wd/hub/session/02aed906-b872-4c3d-bf6f-3af3a5cfa07b/elements[39m
[35m[HTTP][39m [90m{"using":"-android uiautomator","value":"new UiSelector().className(\"android.widget.Button\").text(\"Keluar\").packageName(\"evermos.evermos.com.evermos\").enabled(true).clickable(true).longClickable(false).checkable(false).checked(false).focusable(true).focused(false).scrollable(false).selected(false).index(2)"}[39m
[35m[HTTP][39m [37m<-- POST /wd/hub/session/02aed906-b872-4c3d-bf6f-3af3a5cfa07b/elements [39m[32m200[39m [90m1007 ms - 12[39m
[35m[HTTP][39m [90m[39m
[35m[HTTP][39m [37m-->[39m [37mPOST[39m [37m/wd/hub/session/02aed906-b872-4c3d-bf6f-3af3a5cfa07b/elements[39m
[35m[HTTP][39m [90m{"using":"-android uiautomator","value":"new UiSelector().className(\"android.widget.Button\").text(\"Keluar\").packageName(\"evermos.evermos.com.evermos\").enabled(true).clickable(true).longClickable(false).checkable(false).checked(false).focusable(true).focused(false).scrollable(false).selected(false).index(2)"}[39m
[35m[HTTP][39m [37m<-- POST /wd/hub/session/02aed906-b872-4c3d-bf6f-3af3a5cfa07b/elements [39m[32m200[39m [90m274 ms - 12[39m
[35m[HTTP][39m [90m[39m
[35m[HTTP][39m [37m-->[39m [37mPOST[39m [37m/wd/hub/session/02aed906-b872-4c3d-bf6f-3af3a5cfa07b/elements[39m
[35m[HTTP][39m [90m{"using":"-android uiautomator","value":"new UiSelector().className(\"android.widget.Button\").text(\"Keluar\").packageName(\"evermos.evermos.com.evermos\").enabled(true).clickable(true).longClickable(false).checkable(false).checked(false).focusable(true).focused(false).scrollable(false).selected(false).index(2)"}[39m
[35m[HTTP][39m [37m<-- POST /wd/hub/session/02aed906-b872-4c3d-bf6f-3af3a5cfa07b/elements [39m[32m200[39m [90m687 ms - 12[39m
[35m[HTTP][39m [90m[39m
[35m[HTTP][39m [37m-->[39m [37mPOST[39m [37m/wd/hub/session/02aed906-b872-4c3d-bf6f-3af3a5cfa07b/elements[39m
[35m[HTTP][39m [90m{"using":"-android uiautomator","value":"new UiSelector().className(\"android.widget.Button\").text(\"Keluar\").packageName(\"evermos.evermos.com.evermos\").enabled(true).clickable(true).longClickable(false).checkable(false).checked(false).focusable(true).focused(false).scrollable(false).selected(false).index(2)"}[39m
[35m[HTTP][39m [37m<-- POST /wd/hub/session/02aed906-b872-4c3d-bf6f-3af3a5cfa07b/elements [39m[32m200[39m [90m323 ms - 12[39m
[35m[HTTP][39m [90m[39m
[35m[HTTP][39m [37m-->[39m [37mPOST[39m [37m/wd/hub/session/02aed906-b872-4c3d-bf6f-3af3a5cfa07b/elements[39m
[35m[HTTP][39m [90m{"using":"-android uiautomator","value":"new UiSelector().className(\"android.widget.Button\").text(\"Keluar\").packageName(\"evermos.evermos.com.evermos\").enabled(true).clickable(true).longClickable(false).checkable(false).checked(false).focusable(true).focused(false).scrollable(false).selected(false).index(2)"}[39m
[35m[HTTP][39m [37m<-- POST /wd/hub/session/02aed906-b872-4c3d-bf6f-3af3a5cfa07b/elements [39m[32m200[39m [90m1555 ms - 139[39m
[35m[HTTP][39m [90m[39m
[35m[HTTP][39m [37m-->[39m [37mGET[39m [37m/wd/hub/session/02aed906-b872-4c3d-bf6f-3af3a5cfa07b/element/1b11538f-8c87-40e4-95ef-6b0f756b87c1/location[39m
[35m[HTTP][39m [90m{}[39m
[35m[W3C (02aed906)][39m Driver proxy active, passing request on via HTTP proxy
[35m[WD Proxy][39m Replacing sessionId ecf85d56-2f8c-40c8-902e-609655a966dc with 02aed906-b872-4c3d-bf6f-3af3a5cfa07b
[35m[HTTP][39m [37m<-- GET /wd/hub/session/02aed906-b872-4c3d-bf6f-3af3a5cfa07b/element/1b11538f-8c87-40e4-95ef-6b0f756b87c1/location [39m[32m200[39m [90m48 ms - 78[39m
[35m[HTTP][39m [90m[39m
[35m[HTTP][39m [37m-->[39m [37mPOST[39m [37m/wd/hub/session/02aed906-b872-4c3d-bf6f-3af3a5cfa07b/timeouts[39m
[35m[HTTP][39m [90m{"implicit":30000}[39m
[35m[HTTP][39m [37m<-- POST /wd/hub/session/02aed906-b872-4c3d-bf6f-3af3a5cfa07b/timeouts [39m[32m200[39m [90m1 ms - 14[39m
[35m[HTTP][39m [90m[39m
[35m[HTTP][39m [37m-->[39m [37mPOST[39m [37m/wd/hub/session/02aed906-b872-4c3d-bf6f-3af3a5cfa07b/touch/perform[39m
[35m[HTTP][39m [90m{"actions":[{"action":"tap","options":{"x":1,"y":1,"element":"1b11538f-8c87-40e4-95ef-6b0f756b87c1"}},{"action":"release","options":{}}]}[39m
[35m[UiAutomator2][39m calling get location: 1b11538f-8c87-40e4-95ef-6b0f756b87c1
[35m[HTTP][39m [37m<-- POST /wd/hub/session/02aed906-b872-4c3d-bf6f-3af3a5cfa07b/touch/perform [39m[32m200[39m [90m1260 ms - 14[39m
[35m[HTTP][39m [90m[39m
[35m[HTTP][39m [37m-->[39m [37mDELETE[39m [37m/wd/hub/session/02aed906-b872-4c3d-bf6f-3af3a5cfa07b[39m
[35m[HTTP][39m [90m{}[39m
[35m[Appium][39m Removing session 02aed906-b872-4c3d-bf6f-3af3a5cfa07b from our master session list
[35m[UiAutomator2][39m Restoring hidden api policy to the device default configuration
[35m[HTTP][39m [37m<-- DELETE /wd/hub/session/02aed906-b872-4c3d-bf6f-3af3a5cfa07b [39m[32m200[39m [90m410 ms - 14[39m
[35m[HTTP][39m [90m[39m
