[35m[Appium][39m Welcome to Appium v1.18.1
[35m[Appium][39m Non-default server args:
[35m[Appium][39m   port: 57680
[35m[Appium][39m   loglevel: info
[35m[Appium][39m   tmpDir: /var/folders/kt/bnw3np9n2918b5f_3g_q6rhw0000gp/T//Katalon/Appium/Temp1599504950078
[35m[Appium][39m   chromedriverPort: 57681
[35m[Appium][39m Deprecated server args:
[35m[Appium][39m   [31m--chromedriver-port[39m => --default-capabilities '{"chromedriverPort":57681}'
[35m[Appium][39m Default capabilities, which will be added to each request unless overridden by desired capabilities:
[35m[Appium][39m   chromedriverPort: 57681
[35m[Appium][39m Appium REST http interface listener started on 0.0.0.0:57680
[35m[HTTP][39m [37m-->[39m [37mGET[39m [37m/wd/hub/status[39m
[35m[HTTP][39m [90m{}[39m
[35m[HTTP][39m [37m<-- GET /wd/hub/status [39m[32m200[39m [90m8 ms - 68[39m
[35m[HTTP][39m [90m[39m
[35m[HTTP][39m [37m-->[39m [37mPOST[39m [37m/wd/hub/session[39m
[35m[HTTP][39m [90m{"desiredCapabilities":{"app":"/Users/mbpretina-2014/Downloads/evermos.apk","noReset":true,"deviceName":"realme RMX2061 (Android 10)","fullReset":false,"platform":"ANDROID","newCommandTimeout":1800,"platformVersion":"10","automationName":"uiautomator2","autoGrantPermissions":true,"platformName":"Android","udid":"20754a6a","systemPort":57679},"capabilities":{"firstMatch":[{"appium:app":"/Users/mbpretina-2014/Downloads/evermos.apk","appium:autoGrantPermissions":true,"appium:automationName":"uiautomator2","appium:deviceName":"realme RMX2061 (Android 10)","appium:fullReset":false,"appium:newCommandTimeout":1800,"appium:noReset":true,"platform":"ANDROID","platformName":"android","appium:platformVersion":"10","appium:systemPort":57679,"appium:udid":"20754a6a"}]}}[39m
[35m[BaseDriver][39m The following capabilities are not standard capabilities and should have an extension prefix:
[35m[BaseDriver][39m   platform
[35m[BaseDriver][39m   chromedriverPort
[35m[Appium][39m Appium v1.18.1 creating new AndroidUiautomator2Driver (v1.56.1) session
[35m[BaseDriver][39m The following capabilities were provided, but are not recognized by Appium:
[35m[BaseDriver][39m   platform
[35m[BaseDriver][39m Session created with session id: 360f8b63-dc53-4948-bf80-14b2b68bb0d9
[35m[BaseDriver][39m Using local app '/Users/mbpretina-2014/Downloads/evermos.apk'
[35m[ADB][39m Found 1 'build-tools' folders under '/Users/mbpretina-2014/.katalon/tools/android_sdk' (newest first):
[35m[ADB][39m     /Users/mbpretina-2014/.katalon/tools/android_sdk/build-tools/29.0.3
[35m[ADB][39m Using 'adb' from '/Users/mbpretina-2014/.katalon/tools/android_sdk/platform-tools/adb'
[35m[AndroidDriver][39m Retrieving device list
[35m[AndroidDriver][39m Using device: 20754a6a
[35m[ADB][39m Using 'adb' from '/Users/mbpretina-2014/.katalon/tools/android_sdk/platform-tools/adb'
[35m[ADB][39m Getting device platform version
[35m[UiAutomator2][39m Relaxing hidden api policy
[35m[ADB][39m Package name: 'evermos.evermos.com.evermos'
[35m[ADB][39m Main activity name: 'evermos.evermos.com.evermos.view.SplashActivity'
[35m[ADB][39m Using 'apksigner.jar' from '/Users/mbpretina-2014/.katalon/tools/android_sdk/build-tools/29.0.3/lib/apksigner.jar'
[35m[UiAutomator2][39m Server packages are not going to be (re)installed
[35m[UiAutomator2][39m Starting UIAutomator2 server 4.12.2
[35m[UiAutomator2][39m Using UIAutomator2 server from '/usr/local/lib/node_modules/appium/node_modules/appium-uiautomator2-server/apks/appium-uiautomator2-server-v4.12.2.apk' and test from '/usr/local/lib/node_modules/appium/node_modules/appium-uiautomator2-server/apks/appium-uiautomator2-server-debug-androidTest.apk'
[35m[UiAutomator2][39m Waiting up to 30000ms for UiAutomator2 to be online...
[35m[WD Proxy][39m socket hang up
[35m[WD Proxy][39m socket hang up
[35m[WD Proxy][39m Determined the downstream protocol as 'W3C'
[35m[AndroidDriver][39m Screen already unlocked, doing nothing
[35m[UiAutomator2][39m Starting 'evermos.evermos.com.evermos/evermos.evermos.com.evermos.view.SplashActivity and waiting for 'evermos.evermos.com.evermos/evermos.evermos.com.evermos.view.SplashActivity'
[35m[Appium][39m New AndroidUiautomator2Driver session created successfully, session 360f8b63-dc53-4948-bf80-14b2b68bb0d9 added to master session list
[35m[HTTP][39m [37m<-- POST /wd/hub/session [39m[32m200[39m [90m12762 ms - 1231[39m
[35m[HTTP][39m [90m[39m
[35m[HTTP][39m [37m-->[39m [37mGET[39m [37m/wd/hub/session/360f8b63-dc53-4948-bf80-14b2b68bb0d9[39m
[35m[HTTP][39m [90m{}[39m
[35m[HTTP][39m [37m<-- GET /wd/hub/session/360f8b63-dc53-4948-bf80-14b2b68bb0d9 [39m[32m200[39m [90m13 ms - 1185[39m
[35m[HTTP][39m [90m[39m
[35m[HTTP][39m [37m-->[39m [37mGET[39m [37m/wd/hub/session/360f8b63-dc53-4948-bf80-14b2b68bb0d9[39m
[35m[HTTP][39m [90m{}[39m
[35m[HTTP][39m [37m<-- GET /wd/hub/session/360f8b63-dc53-4948-bf80-14b2b68bb0d9 [39m[32m200[39m [90m15 ms - 1185[39m
[35m[HTTP][39m [90m[39m
[35m[HTTP][39m [37m-->[39m [37mGET[39m [37m/wd/hub/status[39m
[35m[HTTP][39m [90m{}[39m
[35m[HTTP][39m [37m<-- GET /wd/hub/status [39m[32m200[39m [90m1 ms - 68[39m
[35m[HTTP][39m [90m[39m
[35m[HTTP][39m [37m-->[39m [37mPOST[39m [37m/wd/hub/session/360f8b63-dc53-4948-bf80-14b2b68bb0d9/timeouts[39m
[35m[HTTP][39m [90m{"implicit":30000}[39m
[35m[HTTP][39m [37m<-- POST /wd/hub/session/360f8b63-dc53-4948-bf80-14b2b68bb0d9/timeouts [39m[32m200[39m [90m3 ms - 14[39m
[35m[HTTP][39m [90m[39m
[35m[HTTP][39m [37m-->[39m [37mPOST[39m [37m/wd/hub/session/360f8b63-dc53-4948-bf80-14b2b68bb0d9/timeouts[39m
[35m[HTTP][39m [90m{"implicit":50}[39m
[35m[HTTP][39m [37m<-- POST /wd/hub/session/360f8b63-dc53-4948-bf80-14b2b68bb0d9/timeouts [39m[32m200[39m [90m1 ms - 14[39m
[35m[HTTP][39m [90m[39m
[35m[HTTP][39m [37m-->[39m [37mGET[39m [37m/wd/hub/session/360f8b63-dc53-4948-bf80-14b2b68bb0d9/window/rect[39m
[35m[HTTP][39m [90m{}[39m
[35m[HTTP][39m [37m<-- GET /wd/hub/session/360f8b63-dc53-4948-bf80-14b2b68bb0d9/window/rect [39m[32m200[39m [90m22 ms - 50[39m
[35m[HTTP][39m [90m[39m
[35m[HTTP][39m [37m-->[39m [37mPOST[39m [37m/wd/hub/session/360f8b63-dc53-4948-bf80-14b2b68bb0d9/elements[39m
[35m[HTTP][39m [90m{"using":"id","value":"evermos.evermos.com.evermos:id/txtLoginReseller"}[39m
[35m[HTTP][39m [37m<-- POST /wd/hub/session/360f8b63-dc53-4948-bf80-14b2b68bb0d9/elements [39m[32m200[39m [90m278 ms - 139[39m
[35m[HTTP][39m [90m[39m
[35m[HTTP][39m [37m-->[39m [37mGET[39m [37m/wd/hub/session/360f8b63-dc53-4948-bf80-14b2b68bb0d9/element/7903391d-f389-4be0-8e9f-b8bfb2a37ed8/location[39m
[35m[HTTP][39m [90m{}[39m
[35m[W3C (360f8b63)][39m Driver proxy active, passing request on via HTTP proxy
[35m[WD Proxy][39m Replacing sessionId 14784838-d1e1-4cd5-b1e2-b9a5b40bda26 with 360f8b63-dc53-4948-bf80-14b2b68bb0d9
[35m[HTTP][39m [37m<-- GET /wd/hub/session/360f8b63-dc53-4948-bf80-14b2b68bb0d9/element/7903391d-f389-4be0-8e9f-b8bfb2a37ed8/location [39m[32m200[39m [90m20 ms - 79[39m
[35m[HTTP][39m [90m[39m
[35m[HTTP][39m [37m-->[39m [37mPOST[39m [37m/wd/hub/session/360f8b63-dc53-4948-bf80-14b2b68bb0d9/timeouts[39m
[35m[HTTP][39m [90m{"implicit":30000}[39m
[35m[HTTP][39m [37m<-- POST /wd/hub/session/360f8b63-dc53-4948-bf80-14b2b68bb0d9/timeouts [39m[32m200[39m [90m1 ms - 14[39m
[35m[HTTP][39m [90m[39m
[35m[HTTP][39m [37m-->[39m [37mPOST[39m [37m/wd/hub/session/360f8b63-dc53-4948-bf80-14b2b68bb0d9/touch/perform[39m
[35m[HTTP][39m [90m{"actions":[{"action":"tap","options":{"x":1,"y":1,"element":"7903391d-f389-4be0-8e9f-b8bfb2a37ed8"}},{"action":"release","options":{}}]}[39m
[35m[UiAutomator2][39m calling get location: 7903391d-f389-4be0-8e9f-b8bfb2a37ed8
[35m[HTTP][39m [37m<-- POST /wd/hub/session/360f8b63-dc53-4948-bf80-14b2b68bb0d9/touch/perform [39m[32m200[39m [90m162 ms - 14[39m
[35m[HTTP][39m [90m[39m
[35m[HTTP][39m [37m-->[39m [37mPOST[39m [37m/wd/hub/session/360f8b63-dc53-4948-bf80-14b2b68bb0d9/timeouts[39m
[35m[HTTP][39m [90m{"implicit":50}[39m
[35m[HTTP][39m [37m<-- POST /wd/hub/session/360f8b63-dc53-4948-bf80-14b2b68bb0d9/timeouts [39m[32m200[39m [90m3 ms - 14[39m
[35m[HTTP][39m [90m[39m
[35m[HTTP][39m [37m-->[39m [37mGET[39m [37m/wd/hub/session/360f8b63-dc53-4948-bf80-14b2b68bb0d9/window/rect[39m
[35m[HTTP][39m [90m{}[39m
[35m[HTTP][39m [37m<-- GET /wd/hub/session/360f8b63-dc53-4948-bf80-14b2b68bb0d9/window/rect [39m[32m200[39m [90m25 ms - 50[39m
[35m[HTTP][39m [90m[39m
[35m[HTTP][39m [37m-->[39m [37mPOST[39m [37m/wd/hub/session/360f8b63-dc53-4948-bf80-14b2b68bb0d9/elements[39m
[35m[HTTP][39m [90m{"using":"id","value":"evermos.evermos.com.evermos:id/input_phone"}[39m
[35m[HTTP][39m [37m<-- POST /wd/hub/session/360f8b63-dc53-4948-bf80-14b2b68bb0d9/elements [39m[32m200[39m [90m242 ms - 139[39m
[35m[HTTP][39m [90m[39m
[35m[HTTP][39m [37m-->[39m [37mGET[39m [37m/wd/hub/session/360f8b63-dc53-4948-bf80-14b2b68bb0d9/element/506a088a-e856-457e-85d2-fd142558a574/location[39m
[35m[HTTP][39m [90m{}[39m
[35m[W3C (360f8b63)][39m Driver proxy active, passing request on via HTTP proxy
[35m[WD Proxy][39m Replacing sessionId 14784838-d1e1-4cd5-b1e2-b9a5b40bda26 with 360f8b63-dc53-4948-bf80-14b2b68bb0d9
[35m[HTTP][39m [37m<-- GET /wd/hub/session/360f8b63-dc53-4948-bf80-14b2b68bb0d9/element/506a088a-e856-457e-85d2-fd142558a574/location [39m[32m200[39m [90m532 ms - 77[39m
[35m[HTTP][39m [90m[39m
[35m[BaseDriver][39m Shutting down because we waited 1800 seconds for a command
[35m[Appium][39m Closing session, cause was 'New Command Timeout of 1800 seconds expired. Try customizing the timeout using the 'newCommandTimeout' desired capability'
[35m[Appium][39m Removing session '360f8b63-dc53-4948-bf80-14b2b68bb0d9' from our master session list
[35m[WD Proxy][39m socket hang up
[35m[UiAutomator2][39m Did not get confirmation UiAutomator2 deleteSession worked; Error was: UnknownError: An unknown server-side error occurred while processing the command. Original error: Could not proxy command to the remote server. Original error: socket hang up
[35m[UiAutomator2][39m Restoring hidden api policy to the device default configuration
